<?xml version="1.0" encoding="UTF-8"?>
<!-- Generated by org.testng.reporters.JUnitXMLReporter -->
<testsuite hostname="DESKTOP-TI4FV56" ignored="0" name="Surefire test" tests="2" failures="0" timestamp="13 五月 2020 08:31:27 GMT" time="3.169" errors="0">
  <testcase name="testGetDictDefByDictClass" time="0.202" classname="com.newland.boss.kpi.controller.DictDefControllerTestng"/>
  <testcase name="testGetDictDefByDictClassAndEntryId" time="0.002" classname="com.newland.boss.kpi.controller.DictDefControllerTestng"/>
</testsuite> <!-- Surefire test -->
