<?xml version="1.0" encoding="UTF-8"?>
<!-- Generated by org.testng.reporters.JUnitXMLReporter -->
<testsuite hostname="DESKTOP-TI4FV56" ignored="2" name="Surefire test" tests="45" failures="0" timestamp="13 五月 2020 08:33:15 GMT" time="11.78" errors="0">
  <testcase name="billSummingUsrDayServiceTest" time="0.063" classname="com.newland.boss.cib.crmp.settle.AnalysisControllerTest"/>
  <testcase name="testBillSummingOrgDay" time="0.002" classname="com.newland.boss.cib.crmp.settle.AnalysisControllerTest"/>
  <testcase name="testBillSummingUsrDay" time="0.001" classname="com.newland.boss.cib.crmp.settle.AnalysisControllerTest"/>
  <testcase name="testGetFeeAnalysisBar" time="0.474" classname="com.newland.boss.cib.crmp.settle.AnalysisControllerTest"/>
  <testcase name="testGetFeeAnalysisBar1" time="0.038" classname="com.newland.boss.cib.crmp.settle.AnalysisControllerTest"/>
  <testcase name="testGetFeeAnalysisBar2" time="0.004" classname="com.newland.boss.cib.crmp.settle.AnalysisControllerTest"/>
  <testcase name="testGetFeeAnalysisLine" time="0.005" classname="com.newland.boss.cib.crmp.settle.AnalysisControllerTest"/>
  <testcase name="testGetFeeAnalysisLine1" time="0.008" classname="com.newland.boss.cib.crmp.settle.AnalysisControllerTest"/>
  <testcase name="testGetFeeAnalysisLine2" time="0.013" classname="com.newland.boss.cib.crmp.settle.AnalysisControllerTest"/>
  <testcase name="testGetFeeAnalysisPie" time="0.002" classname="com.newland.boss.cib.crmp.settle.AnalysisControllerTest"/>
  <testcase name="testGetFeeAnalysisPie1" time="0.004" classname="com.newland.boss.cib.crmp.settle.AnalysisControllerTest"/>
  <testcase name="testGetFeeAnalysisPie2" time="0.001" classname="com.newland.boss.cib.crmp.settle.AnalysisControllerTest"/>
  <testcase name="batchQueryTest" time="0.179" classname="com.newland.boss.cib.crmp.settle.ReportControllerTest"/>
  <testcase name="downloadExcelTest" time="0.002" classname="com.newland.boss.cib.crmp.settle.ReportControllerTest"/>
  <testcase name="jsonToIntegerArrayTest" time="0.141" classname="com.newland.boss.cib.crmp.settle.ReportControllerTest"/>
  <testcase name="queryDeptFeeListTest" time="0.067" classname="com.newland.boss.cib.crmp.settle.ReportControllerTest"/>
  <testcase name="queryDeptFeeListTest1" time="0.003" classname="com.newland.boss.cib.crmp.settle.ReportControllerTest"/>
  <testcase name="stringToIntegerArrTest" time="0.017" classname="com.newland.boss.cib.crmp.settle.ReportControllerTest"/>
  <testcase name="testExportExcel" time="0.009" classname="com.newland.boss.cib.crmp.settle.ReportControllerTest"/>
  <testcase name="testExportExcel1" time="0.003" classname="com.newland.boss.cib.crmp.settle.ReportControllerTest"/>
  <testcase name="testExportExcel2" time="0.003" classname="com.newland.boss.cib.crmp.settle.ReportControllerTest"/>
  <testcase name="testExportExcel3" time="0.003" classname="com.newland.boss.cib.crmp.settle.ReportControllerTest"/>
  <testcase name="testExportExcel4" time="0.004" classname="com.newland.boss.cib.crmp.settle.ReportControllerTest"/>
  <testcase name="testExportExcel5" time="0.002" classname="com.newland.boss.cib.crmp.settle.ReportControllerTest"/>
  <testcase name="testExportExcel6" time="0.005" classname="com.newland.boss.cib.crmp.settle.ReportControllerTest"/>
  <testcase name="testPreviewReport" time="0.002" classname="com.newland.boss.cib.crmp.settle.ReportControllerTest"/>
  <testcase name="testPreviewReport1" time="0.009" classname="com.newland.boss.cib.crmp.settle.ReportControllerTest"/>
  <testcase name="testPreviewReport2" time="0.006" classname="com.newland.boss.cib.crmp.settle.ReportControllerTest"/>
  <testcase name="testPreviewReport3" time="0.018" classname="com.newland.boss.cib.crmp.settle.ReportControllerTest"/>
  <testcase name="testPreviewReport4" time="0.004" classname="com.newland.boss.cib.crmp.settle.ReportControllerTest"/>
  <testcase name="testPreviewReport5" time="0.007" classname="com.newland.boss.cib.crmp.settle.ReportControllerTest"/>
  <testcase name="testPreviewReport6" time="0.005" classname="com.newland.boss.cib.crmp.settle.ReportControllerTest"/>
  <testcase name="testPreviewReport7" time="0.004" classname="com.newland.boss.cib.crmp.settle.ReportControllerTest"/>
  <testcase name="testPreviewReport8" time="0.002" classname="com.newland.boss.cib.crmp.settle.ReportControllerTest"/>
  <testcase name="testQueryFeeList" time="0.004" classname="com.newland.boss.cib.crmp.settle.ReportControllerTest"/>
  <testcase name="testQueryFeeList1" time="0.005" classname="com.newland.boss.cib.crmp.settle.ReportControllerTest"/>
  <testcase name="testQueryFeeList2" time="0.004" classname="com.newland.boss.cib.crmp.settle.ReportControllerTest"/>
  <testcase name="testQueryFeeList3" time="0.005" classname="com.newland.boss.cib.crmp.settle.ReportControllerTest"/>
  <testcase name="testQueryNotActiveUserList" time="0.005" classname="com.newland.boss.cib.crmp.settle.ReportControllerTest"/>
  <testcase name="testQueryNotActiveUserList1" time="0.01" classname="com.newland.boss.cib.crmp.settle.ReportControllerTest"/>
  <testcase name="testQueryThresholdList" time="0.004" classname="com.newland.boss.cib.crmp.settle.ReportControllerTest"/>
  <testcase name="testQueryThresholdList1" time="0.009" classname="com.newland.boss.cib.crmp.settle.ReportControllerTest"/>
  <testcase name="testQueryTopNList" time="0.007" classname="com.newland.boss.cib.crmp.settle.ReportControllerTest"/>
  <testcase name="testQueryTopNList1" time="0.007" classname="com.newland.boss.cib.crmp.settle.ReportControllerTest"/>
  <testcase name="testQueryCallList" time="1.459" classname="com.newland.boss.cib.crmp.settle.CallListControllerTest"/>
  <testcase name="@BeforeSuite init" time="0.0" classname="com.newland.boss.cib.crmp.settle.common.AbstractTestNGTest">
    <ignored/>
  </testcase> <!-- @BeforeSuite init -->
  <testcase name="@BeforeSuite init" time="0.0" classname="com.newland.boss.cib.crmp.settle.common.AbstractTestNGTest">
    <ignored/>
  </testcase> <!-- @BeforeSuite init -->
</testsuite> <!-- Surefire test -->
