<html>
<head>
<title>TestNG:  Surefire test</title>
<link href="../testng.css" rel="stylesheet" type="text/css" />
<link href="../my-testng.css" rel="stylesheet" type="text/css" />

<style type="text/css">
.log { display: none;} 
.stack-trace { display: none;} 
</style>
<script type="text/javascript">
<!--
function flip(e) {
  current = e.style.display;
  if (current == 'block') {
    e.style.display = 'none';
    return 0;
  }
  else {
    e.style.display = 'block';
    return 1;
  }
}

function toggleBox(szDivId, elem, msg1, msg2)
{
  var res = -1;  if (document.getElementById) {
    res = flip(document.getElementById(szDivId));
  }
  else if (document.all) {
    // this is the way old msie versions work
    res = flip(document.all[szDivId]);
  }
  if(elem) {
    if(res == 0) elem.innerHTML = msg1; else elem.innerHTML = msg2;
  }

}

function toggleAllBoxes() {
  if (document.getElementsByTagName) {
    d = document.getElementsByTagName('div');
    for (i = 0; i < d.length; i++) {
      if (d[i].className == 'log') {
        flip(d[i]);
      }
    }
  }
}

// -->
</script>

</head>
<body>
<h2 align='center'>Surefire test</h2><table border='1' align="center">
<tr>
<td>Tests passed/Failed/Skipped:</td><td>45/0/0</td>
</tr><tr>
<td>Started on:</td><td>Wed May 13 16:33:03 CST 2020</td>
</tr>
<tr><td>Total time:</td><td>11 seconds (11780 ms)</td>
</tr><tr>
<td>Included groups:</td><td></td>
</tr><tr>
<td>Excluded groups:</td><td></td>
</tr>
</table><p/>
<small><i>(Hover the method name to see the test class name)</i></small><p/>
<table width='100%' border='1' class='invocation-passed'>
<tr><td colspan='4' align='center'><b>PASSED TESTS</b></td></tr>
<tr><td><b>Test method</b></td>
<td width="30%"><b>Exception</b></td>
<td width="10%"><b>Time (seconds)</b></td>
<td><b>Instance</b></td>
</tr>
<tr>
<td title='com.newland.boss.cib.crmp.settle.ReportControllerTest.batchQueryTest()'><b>batchQueryTest</b><br>Test class: com.newland.boss.cib.crmp.settle.ReportControllerTest</td>
<td></td>
<td>0</td>
<td>com.newland.boss.cib.crmp.settle.ReportControllerTest@1aaf73b7</td></tr>
<tr>
<td title='com.newland.boss.cib.crmp.settle.AnalysisControllerTest.billSummingUsrDayServiceTest()'><b>billSummingUsrDayServiceTest</b><br>Test class: com.newland.boss.cib.crmp.settle.AnalysisControllerTest</td>
<td></td>
<td>0</td>
<td>com.newland.boss.cib.crmp.settle.AnalysisControllerTest@289da1bc</td></tr>
<tr>
<td title='com.newland.boss.cib.crmp.settle.ReportControllerTest.downloadExcelTest()'><b>downloadExcelTest</b><br>Test class: com.newland.boss.cib.crmp.settle.ReportControllerTest</td>
<td><div><pre>java.lang.NullPointerException
	at java.io.File.&lt;init&gt;(File.java:277)
	at com.newland.boss.cib.crmp.settle.controller.ReportController.downloadExcel(ReportController.java:1071)
	at com.newland.boss.cib.crmp.settle.ReportControllerTest.downloadExcelTest(ReportControllerTest.java:679)
	at org.springframework.test.context.testng.AbstractTestNGSpringContextTests.run(AbstractTestNGSpringContextTests.java:180)
... Removed 32 stack frames</pre></div><a href='#' onClick='toggleBox("stack-trace1417977676", this, "Click to show all stack frames", "Click to hide stack frames")'>Click to show all stack frames</a>
<div class='stack-trace' id='stack-trace1417977676'><pre>java.lang.NullPointerException
	at java.io.File.&lt;init&gt;(File.java:277)
	at com.newland.boss.cib.crmp.settle.controller.ReportController.downloadExcel(ReportController.java:1071)
	at com.newland.boss.cib.crmp.settle.ReportControllerTest.downloadExcelTest(ReportControllerTest.java:679)
	at sun.reflect.NativeMethodAccessorImpl.invoke0(Native Method)
	at sun.reflect.NativeMethodAccessorImpl.invoke(NativeMethodAccessorImpl.java:62)
	at sun.reflect.DelegatingMethodAccessorImpl.invoke(DelegatingMethodAccessorImpl.java:43)
	at java.lang.reflect.Method.invoke(Method.java:498)
	at org.testng.internal.MethodInvocationHelper.invokeMethod(MethodInvocationHelper.java:108)
	at org.testng.internal.MethodInvocationHelper$1.runTestMethod(MethodInvocationHelper.java:209)
	at org.springframework.test.context.testng.AbstractTestNGSpringContextTests.run(AbstractTestNGSpringContextTests.java:180)
	at org.testng.internal.MethodInvocationHelper.invokeHookable(MethodInvocationHelper.java:221)
	at org.testng.internal.Invoker.invokeMethod(Invoker.java:657)
	at org.testng.internal.Invoker.invokeTestMethod(Invoker.java:869)
	at org.testng.internal.Invoker.invokeTestMethods(Invoker.java:1193)
	at org.testng.internal.TestMethodWorker.invokeTestMethods(TestMethodWorker.java:126)
	at org.testng.internal.TestMethodWorker.run(TestMethodWorker.java:109)
	at org.testng.TestRunner.privateRun(TestRunner.java:744)
	at org.testng.TestRunner.run(TestRunner.java:602)
	at org.testng.SuiteRunner.runTest(SuiteRunner.java:380)
	at org.testng.SuiteRunner.runSequentially(SuiteRunner.java:375)
	at org.testng.SuiteRunner.privateRun(SuiteRunner.java:340)
	at org.testng.SuiteRunner.run(SuiteRunner.java:289)
	at org.testng.SuiteRunnerWorker.runSuite(SuiteRunnerWorker.java:52)
	at org.testng.SuiteRunnerWorker.run(SuiteRunnerWorker.java:86)
	at org.testng.TestNG.runSuitesSequentially(TestNG.java:1301)
	at org.testng.TestNG.runSuitesLocally(TestNG.java:1226)
	at org.testng.TestNG.runSuites(TestNG.java:1144)
	at org.testng.TestNG.run(TestNG.java:1115)
	at org.apache.maven.surefire.testng.TestNGExecutor.run(TestNGExecutor.java:135)
	at org.apache.maven.surefire.testng.TestNGDirectoryTestSuite.executeMulti(TestNGDirectoryTestSuite.java:193)
	at org.apache.maven.surefire.testng.TestNGDirectoryTestSuite.execute(TestNGDirectoryTestSuite.java:94)
	at org.apache.maven.surefire.testng.TestNGProvider.invoke(TestNGProvider.java:146)
	at org.apache.maven.surefire.booter.ForkedBooter.invokeProviderInSameClassLoader(ForkedBooter.java:379)
	at org.apache.maven.surefire.booter.ForkedBooter.runSuitesInProcess(ForkedBooter.java:340)
	at org.apache.maven.surefire.booter.ForkedBooter.execute(ForkedBooter.java:125)
	at org.apache.maven.surefire.booter.ForkedBooter.main(ForkedBooter.java:413)
</pre></div></td>
<td>0</td>
<td>com.newland.boss.cib.crmp.settle.ReportControllerTest@1aaf73b7</td></tr>
<tr>
<td title='com.newland.boss.cib.crmp.settle.ReportControllerTest.jsonToIntegerArrayTest()'><b>jsonToIntegerArrayTest</b><br>Test class: com.newland.boss.cib.crmp.settle.ReportControllerTest</td>
<td></td>
<td>0</td>
<td>com.newland.boss.cib.crmp.settle.ReportControllerTest@1aaf73b7</td></tr>
<tr>
<td title='com.newland.boss.cib.crmp.settle.ReportControllerTest.queryDeptFeeListTest()'><b>queryDeptFeeListTest</b><br>Test class: com.newland.boss.cib.crmp.settle.ReportControllerTest</td>
<td></td>
<td>0</td>
<td>com.newland.boss.cib.crmp.settle.ReportControllerTest@1aaf73b7</td></tr>
<tr>
<td title='com.newland.boss.cib.crmp.settle.ReportControllerTest.queryDeptFeeListTest1()'><b>queryDeptFeeListTest1</b><br>Test class: com.newland.boss.cib.crmp.settle.ReportControllerTest</td>
<td></td>
<td>0</td>
<td>com.newland.boss.cib.crmp.settle.ReportControllerTest@1aaf73b7</td></tr>
<tr>
<td title='com.newland.boss.cib.crmp.settle.ReportControllerTest.stringToIntegerArrTest()'><b>stringToIntegerArrTest</b><br>Test class: com.newland.boss.cib.crmp.settle.ReportControllerTest</td>
<td></td>
<td>0</td>
<td>com.newland.boss.cib.crmp.settle.ReportControllerTest@1aaf73b7</td></tr>
<tr>
<td title='com.newland.boss.cib.crmp.settle.AnalysisControllerTest.testBillSummingOrgDay()'><b>testBillSummingOrgDay</b><br>Test class: com.newland.boss.cib.crmp.settle.AnalysisControllerTest</td>
<td></td>
<td>0</td>
<td>com.newland.boss.cib.crmp.settle.AnalysisControllerTest@289da1bc</td></tr>
<tr>
<td title='com.newland.boss.cib.crmp.settle.AnalysisControllerTest.testBillSummingUsrDay()'><b>testBillSummingUsrDay</b><br>Test class: com.newland.boss.cib.crmp.settle.AnalysisControllerTest</td>
<td></td>
<td>0</td>
<td>com.newland.boss.cib.crmp.settle.AnalysisControllerTest@289da1bc</td></tr>
<tr>
<td title='com.newland.boss.cib.crmp.settle.ReportControllerTest.testExportExcel()'><b>testExportExcel</b><br>Test class: com.newland.boss.cib.crmp.settle.ReportControllerTest</td>
<td><div><pre>java.lang.NumberFormatException: For input string: &quot;{&quot;beginDate&quot;:&quot;2018-06-01&quot;&quot;
	at java.lang.NumberFormatException.forInputString(NumberFormatException.java:65)
	at java.lang.Integer.parseInt(Integer.java:580)
	at java.lang.Integer.parseInt(Integer.java:615)
	at com.newland.boss.cib.crmp.settle.controller.ReportController.stringToIntegerArr(ReportController.java:770)
	at com.newland.boss.cib.crmp.settle.ReportControllerTest.testExportExcel(ReportControllerTest.java:559)
	at org.springframework.test.context.testng.AbstractTestNGSpringContextTests.run(AbstractTestNGSpringContextTests.java:180)
... Removed 32 stack frames</pre></div><a href='#' onClick='toggleBox("stack-trace399621690", this, "Click to show all stack frames", "Click to hide stack frames")'>Click to show all stack frames</a>
<div class='stack-trace' id='stack-trace399621690'><pre>java.lang.NumberFormatException: For input string: &quot;{&quot;beginDate&quot;:&quot;2018-06-01&quot;&quot;
	at java.lang.NumberFormatException.forInputString(NumberFormatException.java:65)
	at java.lang.Integer.parseInt(Integer.java:580)
	at java.lang.Integer.parseInt(Integer.java:615)
	at com.newland.boss.cib.crmp.settle.controller.ReportController.stringToIntegerArr(ReportController.java:770)
	at com.newland.boss.cib.crmp.settle.ReportControllerTest.testExportExcel(ReportControllerTest.java:559)
	at sun.reflect.NativeMethodAccessorImpl.invoke0(Native Method)
	at sun.reflect.NativeMethodAccessorImpl.invoke(NativeMethodAccessorImpl.java:62)
	at sun.reflect.DelegatingMethodAccessorImpl.invoke(DelegatingMethodAccessorImpl.java:43)
	at java.lang.reflect.Method.invoke(Method.java:498)
	at org.testng.internal.MethodInvocationHelper.invokeMethod(MethodInvocationHelper.java:108)
	at org.testng.internal.MethodInvocationHelper$1.runTestMethod(MethodInvocationHelper.java:209)
	at org.springframework.test.context.testng.AbstractTestNGSpringContextTests.run(AbstractTestNGSpringContextTests.java:180)
	at org.testng.internal.MethodInvocationHelper.invokeHookable(MethodInvocationHelper.java:221)
	at org.testng.internal.Invoker.invokeMethod(Invoker.java:657)
	at org.testng.internal.Invoker.invokeTestMethod(Invoker.java:869)
	at org.testng.internal.Invoker.invokeTestMethods(Invoker.java:1193)
	at org.testng.internal.TestMethodWorker.invokeTestMethods(TestMethodWorker.java:126)
	at org.testng.internal.TestMethodWorker.run(TestMethodWorker.java:109)
	at org.testng.TestRunner.privateRun(TestRunner.java:744)
	at org.testng.TestRunner.run(TestRunner.java:602)
	at org.testng.SuiteRunner.runTest(SuiteRunner.java:380)
	at org.testng.SuiteRunner.runSequentially(SuiteRunner.java:375)
	at org.testng.SuiteRunner.privateRun(SuiteRunner.java:340)
	at org.testng.SuiteRunner.run(SuiteRunner.java:289)
	at org.testng.SuiteRunnerWorker.runSuite(SuiteRunnerWorker.java:52)
	at org.testng.SuiteRunnerWorker.run(SuiteRunnerWorker.java:86)
	at org.testng.TestNG.runSuitesSequentially(TestNG.java:1301)
	at org.testng.TestNG.runSuitesLocally(TestNG.java:1226)
	at org.testng.TestNG.runSuites(TestNG.java:1144)
	at org.testng.TestNG.run(TestNG.java:1115)
	at org.apache.maven.surefire.testng.TestNGExecutor.run(TestNGExecutor.java:135)
	at org.apache.maven.surefire.testng.TestNGDirectoryTestSuite.executeMulti(TestNGDirectoryTestSuite.java:193)
	at org.apache.maven.surefire.testng.TestNGDirectoryTestSuite.execute(TestNGDirectoryTestSuite.java:94)
	at org.apache.maven.surefire.testng.TestNGProvider.invoke(TestNGProvider.java:146)
	at org.apache.maven.surefire.booter.ForkedBooter.invokeProviderInSameClassLoader(ForkedBooter.java:379)
	at org.apache.maven.surefire.booter.ForkedBooter.runSuitesInProcess(ForkedBooter.java:340)
	at org.apache.maven.surefire.booter.ForkedBooter.execute(ForkedBooter.java:125)
	at org.apache.maven.surefire.booter.ForkedBooter.main(ForkedBooter.java:413)
</pre></div></td>
<td>0</td>
<td>com.newland.boss.cib.crmp.settle.ReportControllerTest@1aaf73b7</td></tr>
<tr>
<td title='com.newland.boss.cib.crmp.settle.ReportControllerTest.testExportExcel1()'><b>testExportExcel1</b><br>Test class: com.newland.boss.cib.crmp.settle.ReportControllerTest</td>
<td><div><pre>java.lang.NumberFormatException: For input string: &quot;{&quot;beginDate&quot;:&quot;2018-06-01&quot;&quot;
	at java.lang.NumberFormatException.forInputString(NumberFormatException.java:65)
	at java.lang.Integer.parseInt(Integer.java:580)
	at java.lang.Integer.parseInt(Integer.java:615)
	at com.newland.boss.cib.crmp.settle.controller.ReportController.stringToIntegerArr(ReportController.java:770)
	at com.newland.boss.cib.crmp.settle.ReportControllerTest.testExportExcel1(ReportControllerTest.java:582)
	at org.springframework.test.context.testng.AbstractTestNGSpringContextTests.run(AbstractTestNGSpringContextTests.java:180)
... Removed 32 stack frames</pre></div><a href='#' onClick='toggleBox("stack-trace705145393", this, "Click to show all stack frames", "Click to hide stack frames")'>Click to show all stack frames</a>
<div class='stack-trace' id='stack-trace705145393'><pre>java.lang.NumberFormatException: For input string: &quot;{&quot;beginDate&quot;:&quot;2018-06-01&quot;&quot;
	at java.lang.NumberFormatException.forInputString(NumberFormatException.java:65)
	at java.lang.Integer.parseInt(Integer.java:580)
	at java.lang.Integer.parseInt(Integer.java:615)
	at com.newland.boss.cib.crmp.settle.controller.ReportController.stringToIntegerArr(ReportController.java:770)
	at com.newland.boss.cib.crmp.settle.ReportControllerTest.testExportExcel1(ReportControllerTest.java:582)
	at sun.reflect.NativeMethodAccessorImpl.invoke0(Native Method)
	at sun.reflect.NativeMethodAccessorImpl.invoke(NativeMethodAccessorImpl.java:62)
	at sun.reflect.DelegatingMethodAccessorImpl.invoke(DelegatingMethodAccessorImpl.java:43)
	at java.lang.reflect.Method.invoke(Method.java:498)
	at org.testng.internal.MethodInvocationHelper.invokeMethod(MethodInvocationHelper.java:108)
	at org.testng.internal.MethodInvocationHelper$1.runTestMethod(MethodInvocationHelper.java:209)
	at org.springframework.test.context.testng.AbstractTestNGSpringContextTests.run(AbstractTestNGSpringContextTests.java:180)
	at org.testng.internal.MethodInvocationHelper.invokeHookable(MethodInvocationHelper.java:221)
	at org.testng.internal.Invoker.invokeMethod(Invoker.java:657)
	at org.testng.internal.Invoker.invokeTestMethod(Invoker.java:869)
	at org.testng.internal.Invoker.invokeTestMethods(Invoker.java:1193)
	at org.testng.internal.TestMethodWorker.invokeTestMethods(TestMethodWorker.java:126)
	at org.testng.internal.TestMethodWorker.run(TestMethodWorker.java:109)
	at org.testng.TestRunner.privateRun(TestRunner.java:744)
	at org.testng.TestRunner.run(TestRunner.java:602)
	at org.testng.SuiteRunner.runTest(SuiteRunner.java:380)
	at org.testng.SuiteRunner.runSequentially(SuiteRunner.java:375)
	at org.testng.SuiteRunner.privateRun(SuiteRunner.java:340)
	at org.testng.SuiteRunner.run(SuiteRunner.java:289)
	at org.testng.SuiteRunnerWorker.runSuite(SuiteRunnerWorker.java:52)
	at org.testng.SuiteRunnerWorker.run(SuiteRunnerWorker.java:86)
	at org.testng.TestNG.runSuitesSequentially(TestNG.java:1301)
	at org.testng.TestNG.runSuitesLocally(TestNG.java:1226)
	at org.testng.TestNG.runSuites(TestNG.java:1144)
	at org.testng.TestNG.run(TestNG.java:1115)
	at org.apache.maven.surefire.testng.TestNGExecutor.run(TestNGExecutor.java:135)
	at org.apache.maven.surefire.testng.TestNGDirectoryTestSuite.executeMulti(TestNGDirectoryTestSuite.java:193)
	at org.apache.maven.surefire.testng.TestNGDirectoryTestSuite.execute(TestNGDirectoryTestSuite.java:94)
	at org.apache.maven.surefire.testng.TestNGProvider.invoke(TestNGProvider.java:146)
	at org.apache.maven.surefire.booter.ForkedBooter.invokeProviderInSameClassLoader(ForkedBooter.java:379)
	at org.apache.maven.surefire.booter.ForkedBooter.runSuitesInProcess(ForkedBooter.java:340)
	at org.apache.maven.surefire.booter.ForkedBooter.execute(ForkedBooter.java:125)
	at org.apache.maven.surefire.booter.ForkedBooter.main(ForkedBooter.java:413)
</pre></div></td>
<td>0</td>
<td>com.newland.boss.cib.crmp.settle.ReportControllerTest@1aaf73b7</td></tr>
<tr>
<td title='com.newland.boss.cib.crmp.settle.ReportControllerTest.testExportExcel2()'><b>testExportExcel2</b><br>Test class: com.newland.boss.cib.crmp.settle.ReportControllerTest</td>
<td><div><pre>java.lang.NumberFormatException: For input string: &quot;a&quot;
	at java.lang.NumberFormatException.forInputString(NumberFormatException.java:65)
	at java.lang.Integer.parseInt(Integer.java:580)
	at java.lang.Integer.parseInt(Integer.java:615)
	at com.newland.boss.cib.crmp.settle.controller.ReportController.stringToIntegerArr(ReportController.java:770)
	at com.newland.boss.cib.crmp.settle.controller.ReportController.getFeeList(ReportController.java:838)
	at com.newland.boss.cib.crmp.settle.controller.ReportController.exportExcel(ReportController.java:679)
	at com.newland.boss.cib.crmp.settle.ReportControllerTest.testExportExcel2(ReportControllerTest.java:600)
	at org.springframework.test.context.testng.AbstractTestNGSpringContextTests.run(AbstractTestNGSpringContextTests.java:180)
... Removed 32 stack frames</pre></div><a href='#' onClick='toggleBox("stack-trace354477005", this, "Click to show all stack frames", "Click to hide stack frames")'>Click to show all stack frames</a>
<div class='stack-trace' id='stack-trace354477005'><pre>java.lang.NumberFormatException: For input string: &quot;a&quot;
	at java.lang.NumberFormatException.forInputString(NumberFormatException.java:65)
	at java.lang.Integer.parseInt(Integer.java:580)
	at java.lang.Integer.parseInt(Integer.java:615)
	at com.newland.boss.cib.crmp.settle.controller.ReportController.stringToIntegerArr(ReportController.java:770)
	at com.newland.boss.cib.crmp.settle.controller.ReportController.getFeeList(ReportController.java:838)
	at com.newland.boss.cib.crmp.settle.controller.ReportController.exportExcel(ReportController.java:679)
	at com.newland.boss.cib.crmp.settle.ReportControllerTest.testExportExcel2(ReportControllerTest.java:600)
	at sun.reflect.NativeMethodAccessorImpl.invoke0(Native Method)
	at sun.reflect.NativeMethodAccessorImpl.invoke(NativeMethodAccessorImpl.java:62)
	at sun.reflect.DelegatingMethodAccessorImpl.invoke(DelegatingMethodAccessorImpl.java:43)
	at java.lang.reflect.Method.invoke(Method.java:498)
	at org.testng.internal.MethodInvocationHelper.invokeMethod(MethodInvocationHelper.java:108)
	at org.testng.internal.MethodInvocationHelper$1.runTestMethod(MethodInvocationHelper.java:209)
	at org.springframework.test.context.testng.AbstractTestNGSpringContextTests.run(AbstractTestNGSpringContextTests.java:180)
	at org.testng.internal.MethodInvocationHelper.invokeHookable(MethodInvocationHelper.java:221)
	at org.testng.internal.Invoker.invokeMethod(Invoker.java:657)
	at org.testng.internal.Invoker.invokeTestMethod(Invoker.java:869)
	at org.testng.internal.Invoker.invokeTestMethods(Invoker.java:1193)
	at org.testng.internal.TestMethodWorker.invokeTestMethods(TestMethodWorker.java:126)
	at org.testng.internal.TestMethodWorker.run(TestMethodWorker.java:109)
	at org.testng.TestRunner.privateRun(TestRunner.java:744)
	at org.testng.TestRunner.run(TestRunner.java:602)
	at org.testng.SuiteRunner.runTest(SuiteRunner.java:380)
	at org.testng.SuiteRunner.runSequentially(SuiteRunner.java:375)
	at org.testng.SuiteRunner.privateRun(SuiteRunner.java:340)
	at org.testng.SuiteRunner.run(SuiteRunner.java:289)
	at org.testng.SuiteRunnerWorker.runSuite(SuiteRunnerWorker.java:52)
	at org.testng.SuiteRunnerWorker.run(SuiteRunnerWorker.java:86)
	at org.testng.TestNG.runSuitesSequentially(TestNG.java:1301)
	at org.testng.TestNG.runSuitesLocally(TestNG.java:1226)
	at org.testng.TestNG.runSuites(TestNG.java:1144)
	at org.testng.TestNG.run(TestNG.java:1115)
	at org.apache.maven.surefire.testng.TestNGExecutor.run(TestNGExecutor.java:135)
	at org.apache.maven.surefire.testng.TestNGDirectoryTestSuite.executeMulti(TestNGDirectoryTestSuite.java:193)
	at org.apache.maven.surefire.testng.TestNGDirectoryTestSuite.execute(TestNGDirectoryTestSuite.java:94)
	at org.apache.maven.surefire.testng.TestNGProvider.invoke(TestNGProvider.java:146)
	at org.apache.maven.surefire.booter.ForkedBooter.invokeProviderInSameClassLoader(ForkedBooter.java:379)
	at org.apache.maven.surefire.booter.ForkedBooter.runSuitesInProcess(ForkedBooter.java:340)
	at org.apache.maven.surefire.booter.ForkedBooter.execute(ForkedBooter.java:125)
	at org.apache.maven.surefire.booter.ForkedBooter.main(ForkedBooter.java:413)
</pre></div></td>
<td>0</td>
<td>com.newland.boss.cib.crmp.settle.ReportControllerTest@1aaf73b7</td></tr>
<tr>
<td title='com.newland.boss.cib.crmp.settle.ReportControllerTest.testExportExcel3()'><b>testExportExcel3</b><br>Test class: com.newland.boss.cib.crmp.settle.ReportControllerTest</td>
<td><div><pre>java.lang.NumberFormatException: For input string: &quot;a&quot;
	at java.lang.NumberFormatException.forInputString(NumberFormatException.java:65)
	at java.lang.Integer.parseInt(Integer.java:580)
	at java.lang.Integer.parseInt(Integer.java:615)
	at com.newland.boss.cib.crmp.settle.controller.ReportController.stringToIntegerArr(ReportController.java:770)
	at com.newland.boss.cib.crmp.settle.controller.ReportController.getFeeList(ReportController.java:838)
	at com.newland.boss.cib.crmp.settle.controller.ReportController.exportExcel(ReportController.java:679)
	at com.newland.boss.cib.crmp.settle.ReportControllerTest.testExportExcel3(ReportControllerTest.java:617)
	at org.springframework.test.context.testng.AbstractTestNGSpringContextTests.run(AbstractTestNGSpringContextTests.java:180)
... Removed 32 stack frames</pre></div><a href='#' onClick='toggleBox("stack-trace1496928782", this, "Click to show all stack frames", "Click to hide stack frames")'>Click to show all stack frames</a>
<div class='stack-trace' id='stack-trace1496928782'><pre>java.lang.NumberFormatException: For input string: &quot;a&quot;
	at java.lang.NumberFormatException.forInputString(NumberFormatException.java:65)
	at java.lang.Integer.parseInt(Integer.java:580)
	at java.lang.Integer.parseInt(Integer.java:615)
	at com.newland.boss.cib.crmp.settle.controller.ReportController.stringToIntegerArr(ReportController.java:770)
	at com.newland.boss.cib.crmp.settle.controller.ReportController.getFeeList(ReportController.java:838)
	at com.newland.boss.cib.crmp.settle.controller.ReportController.exportExcel(ReportController.java:679)
	at com.newland.boss.cib.crmp.settle.ReportControllerTest.testExportExcel3(ReportControllerTest.java:617)
	at sun.reflect.NativeMethodAccessorImpl.invoke0(Native Method)
	at sun.reflect.NativeMethodAccessorImpl.invoke(NativeMethodAccessorImpl.java:62)
	at sun.reflect.DelegatingMethodAccessorImpl.invoke(DelegatingMethodAccessorImpl.java:43)
	at java.lang.reflect.Method.invoke(Method.java:498)
	at org.testng.internal.MethodInvocationHelper.invokeMethod(MethodInvocationHelper.java:108)
	at org.testng.internal.MethodInvocationHelper$1.runTestMethod(MethodInvocationHelper.java:209)
	at org.springframework.test.context.testng.AbstractTestNGSpringContextTests.run(AbstractTestNGSpringContextTests.java:180)
	at org.testng.internal.MethodInvocationHelper.invokeHookable(MethodInvocationHelper.java:221)
	at org.testng.internal.Invoker.invokeMethod(Invoker.java:657)
	at org.testng.internal.Invoker.invokeTestMethod(Invoker.java:869)
	at org.testng.internal.Invoker.invokeTestMethods(Invoker.java:1193)
	at org.testng.internal.TestMethodWorker.invokeTestMethods(TestMethodWorker.java:126)
	at org.testng.internal.TestMethodWorker.run(TestMethodWorker.java:109)
	at org.testng.TestRunner.privateRun(TestRunner.java:744)
	at org.testng.TestRunner.run(TestRunner.java:602)
	at org.testng.SuiteRunner.runTest(SuiteRunner.java:380)
	at org.testng.SuiteRunner.runSequentially(SuiteRunner.java:375)
	at org.testng.SuiteRunner.privateRun(SuiteRunner.java:340)
	at org.testng.SuiteRunner.run(SuiteRunner.java:289)
	at org.testng.SuiteRunnerWorker.runSuite(SuiteRunnerWorker.java:52)
	at org.testng.SuiteRunnerWorker.run(SuiteRunnerWorker.java:86)
	at org.testng.TestNG.runSuitesSequentially(TestNG.java:1301)
	at org.testng.TestNG.runSuitesLocally(TestNG.java:1226)
	at org.testng.TestNG.runSuites(TestNG.java:1144)
	at org.testng.TestNG.run(TestNG.java:1115)
	at org.apache.maven.surefire.testng.TestNGExecutor.run(TestNGExecutor.java:135)
	at org.apache.maven.surefire.testng.TestNGDirectoryTestSuite.executeMulti(TestNGDirectoryTestSuite.java:193)
	at org.apache.maven.surefire.testng.TestNGDirectoryTestSuite.execute(TestNGDirectoryTestSuite.java:94)
	at org.apache.maven.surefire.testng.TestNGProvider.invoke(TestNGProvider.java:146)
	at org.apache.maven.surefire.booter.ForkedBooter.invokeProviderInSameClassLoader(ForkedBooter.java:379)
	at org.apache.maven.surefire.booter.ForkedBooter.runSuitesInProcess(ForkedBooter.java:340)
	at org.apache.maven.surefire.booter.ForkedBooter.execute(ForkedBooter.java:125)
	at org.apache.maven.surefire.booter.ForkedBooter.main(ForkedBooter.java:413)
</pre></div></td>
<td>0</td>
<td>com.newland.boss.cib.crmp.settle.ReportControllerTest@1aaf73b7</td></tr>
<tr>
<td title='com.newland.boss.cib.crmp.settle.ReportControllerTest.testExportExcel4()'><b>testExportExcel4</b><br>Test class: com.newland.boss.cib.crmp.settle.ReportControllerTest</td>
<td><div><pre>java.lang.NumberFormatException: For input string: &quot;a&quot;
	at java.lang.NumberFormatException.forInputString(NumberFormatException.java:65)
	at java.lang.Integer.parseInt(Integer.java:580)
	at java.lang.Integer.parseInt(Integer.java:615)
	at com.newland.boss.cib.crmp.settle.controller.ReportController.stringToIntegerArr(ReportController.java:770)
	at com.newland.boss.cib.crmp.settle.controller.ReportController.getFeeList(ReportController.java:854)
	at com.newland.boss.cib.crmp.settle.controller.ReportController.exportExcel(ReportController.java:679)
	at com.newland.boss.cib.crmp.settle.ReportControllerTest.testExportExcel4(ReportControllerTest.java:636)
	at org.springframework.test.context.testng.AbstractTestNGSpringContextTests.run(AbstractTestNGSpringContextTests.java:180)
... Removed 32 stack frames</pre></div><a href='#' onClick='toggleBox("stack-trace1326909050", this, "Click to show all stack frames", "Click to hide stack frames")'>Click to show all stack frames</a>
<div class='stack-trace' id='stack-trace1326909050'><pre>java.lang.NumberFormatException: For input string: &quot;a&quot;
	at java.lang.NumberFormatException.forInputString(NumberFormatException.java:65)
	at java.lang.Integer.parseInt(Integer.java:580)
	at java.lang.Integer.parseInt(Integer.java:615)
	at com.newland.boss.cib.crmp.settle.controller.ReportController.stringToIntegerArr(ReportController.java:770)
	at com.newland.boss.cib.crmp.settle.controller.ReportController.getFeeList(ReportController.java:854)
	at com.newland.boss.cib.crmp.settle.controller.ReportController.exportExcel(ReportController.java:679)
	at com.newland.boss.cib.crmp.settle.ReportControllerTest.testExportExcel4(ReportControllerTest.java:636)
	at sun.reflect.NativeMethodAccessorImpl.invoke0(Native Method)
	at sun.reflect.NativeMethodAccessorImpl.invoke(NativeMethodAccessorImpl.java:62)
	at sun.reflect.DelegatingMethodAccessorImpl.invoke(DelegatingMethodAccessorImpl.java:43)
	at java.lang.reflect.Method.invoke(Method.java:498)
	at org.testng.internal.MethodInvocationHelper.invokeMethod(MethodInvocationHelper.java:108)
	at org.testng.internal.MethodInvocationHelper$1.runTestMethod(MethodInvocationHelper.java:209)
	at org.springframework.test.context.testng.AbstractTestNGSpringContextTests.run(AbstractTestNGSpringContextTests.java:180)
	at org.testng.internal.MethodInvocationHelper.invokeHookable(MethodInvocationHelper.java:221)
	at org.testng.internal.Invoker.invokeMethod(Invoker.java:657)
	at org.testng.internal.Invoker.invokeTestMethod(Invoker.java:869)
	at org.testng.internal.Invoker.invokeTestMethods(Invoker.java:1193)
	at org.testng.internal.TestMethodWorker.invokeTestMethods(TestMethodWorker.java:126)
	at org.testng.internal.TestMethodWorker.run(TestMethodWorker.java:109)
	at org.testng.TestRunner.privateRun(TestRunner.java:744)
	at org.testng.TestRunner.run(TestRunner.java:602)
	at org.testng.SuiteRunner.runTest(SuiteRunner.java:380)
	at org.testng.SuiteRunner.runSequentially(SuiteRunner.java:375)
	at org.testng.SuiteRunner.privateRun(SuiteRunner.java:340)
	at org.testng.SuiteRunner.run(SuiteRunner.java:289)
	at org.testng.SuiteRunnerWorker.runSuite(SuiteRunnerWorker.java:52)
	at org.testng.SuiteRunnerWorker.run(SuiteRunnerWorker.java:86)
	at org.testng.TestNG.runSuitesSequentially(TestNG.java:1301)
	at org.testng.TestNG.runSuitesLocally(TestNG.java:1226)
	at org.testng.TestNG.runSuites(TestNG.java:1144)
	at org.testng.TestNG.run(TestNG.java:1115)
	at org.apache.maven.surefire.testng.TestNGExecutor.run(TestNGExecutor.java:135)
	at org.apache.maven.surefire.testng.TestNGDirectoryTestSuite.executeMulti(TestNGDirectoryTestSuite.java:193)
	at org.apache.maven.surefire.testng.TestNGDirectoryTestSuite.execute(TestNGDirectoryTestSuite.java:94)
	at org.apache.maven.surefire.testng.TestNGProvider.invoke(TestNGProvider.java:146)
	at org.apache.maven.surefire.booter.ForkedBooter.invokeProviderInSameClassLoader(ForkedBooter.java:379)
	at org.apache.maven.surefire.booter.ForkedBooter.runSuitesInProcess(ForkedBooter.java:340)
	at org.apache.maven.surefire.booter.ForkedBooter.execute(ForkedBooter.java:125)
	at org.apache.maven.surefire.booter.ForkedBooter.main(ForkedBooter.java:413)
</pre></div></td>
<td>0</td>
<td>com.newland.boss.cib.crmp.settle.ReportControllerTest@1aaf73b7</td></tr>
<tr>
<td title='com.newland.boss.cib.crmp.settle.ReportControllerTest.testExportExcel5()'><b>testExportExcel5</b><br>Test class: com.newland.boss.cib.crmp.settle.ReportControllerTest</td>
<td><div><pre>java.lang.NumberFormatException: For input string: &quot;a&quot;
	at java.lang.NumberFormatException.forInputString(NumberFormatException.java:65)
	at java.lang.Integer.parseInt(Integer.java:580)
	at java.lang.Integer.parseInt(Integer.java:615)
	at com.newland.boss.cib.crmp.settle.controller.ReportController.stringToIntegerArr(ReportController.java:770)
	at com.newland.boss.cib.crmp.settle.controller.ReportController.getFeeList(ReportController.java:854)
	at com.newland.boss.cib.crmp.settle.controller.ReportController.exportExcel(ReportController.java:679)
	at com.newland.boss.cib.crmp.settle.ReportControllerTest.testExportExcel5(ReportControllerTest.java:654)
	at org.springframework.test.context.testng.AbstractTestNGSpringContextTests.run(AbstractTestNGSpringContextTests.java:180)
... Removed 32 stack frames</pre></div><a href='#' onClick='toggleBox("stack-trace1920274565", this, "Click to show all stack frames", "Click to hide stack frames")'>Click to show all stack frames</a>
<div class='stack-trace' id='stack-trace1920274565'><pre>java.lang.NumberFormatException: For input string: &quot;a&quot;
	at java.lang.NumberFormatException.forInputString(NumberFormatException.java:65)
	at java.lang.Integer.parseInt(Integer.java:580)
	at java.lang.Integer.parseInt(Integer.java:615)
	at com.newland.boss.cib.crmp.settle.controller.ReportController.stringToIntegerArr(ReportController.java:770)
	at com.newland.boss.cib.crmp.settle.controller.ReportController.getFeeList(ReportController.java:854)
	at com.newland.boss.cib.crmp.settle.controller.ReportController.exportExcel(ReportController.java:679)
	at com.newland.boss.cib.crmp.settle.ReportControllerTest.testExportExcel5(ReportControllerTest.java:654)
	at sun.reflect.NativeMethodAccessorImpl.invoke0(Native Method)
	at sun.reflect.NativeMethodAccessorImpl.invoke(NativeMethodAccessorImpl.java:62)
	at sun.reflect.DelegatingMethodAccessorImpl.invoke(DelegatingMethodAccessorImpl.java:43)
	at java.lang.reflect.Method.invoke(Method.java:498)
	at org.testng.internal.MethodInvocationHelper.invokeMethod(MethodInvocationHelper.java:108)
	at org.testng.internal.MethodInvocationHelper$1.runTestMethod(MethodInvocationHelper.java:209)
	at org.springframework.test.context.testng.AbstractTestNGSpringContextTests.run(AbstractTestNGSpringContextTests.java:180)
	at org.testng.internal.MethodInvocationHelper.invokeHookable(MethodInvocationHelper.java:221)
	at org.testng.internal.Invoker.invokeMethod(Invoker.java:657)
	at org.testng.internal.Invoker.invokeTestMethod(Invoker.java:869)
	at org.testng.internal.Invoker.invokeTestMethods(Invoker.java:1193)
	at org.testng.internal.TestMethodWorker.invokeTestMethods(TestMethodWorker.java:126)
	at org.testng.internal.TestMethodWorker.run(TestMethodWorker.java:109)
	at org.testng.TestRunner.privateRun(TestRunner.java:744)
	at org.testng.TestRunner.run(TestRunner.java:602)
	at org.testng.SuiteRunner.runTest(SuiteRunner.java:380)
	at org.testng.SuiteRunner.runSequentially(SuiteRunner.java:375)
	at org.testng.SuiteRunner.privateRun(SuiteRunner.java:340)
	at org.testng.SuiteRunner.run(SuiteRunner.java:289)
	at org.testng.SuiteRunnerWorker.runSuite(SuiteRunnerWorker.java:52)
	at org.testng.SuiteRunnerWorker.run(SuiteRunnerWorker.java:86)
	at org.testng.TestNG.runSuitesSequentially(TestNG.java:1301)
	at org.testng.TestNG.runSuitesLocally(TestNG.java:1226)
	at org.testng.TestNG.runSuites(TestNG.java:1144)
	at org.testng.TestNG.run(TestNG.java:1115)
	at org.apache.maven.surefire.testng.TestNGExecutor.run(TestNGExecutor.java:135)
	at org.apache.maven.surefire.testng.TestNGDirectoryTestSuite.executeMulti(TestNGDirectoryTestSuite.java:193)
	at org.apache.maven.surefire.testng.TestNGDirectoryTestSuite.execute(TestNGDirectoryTestSuite.java:94)
	at org.apache.maven.surefire.testng.TestNGProvider.invoke(TestNGProvider.java:146)
	at org.apache.maven.surefire.booter.ForkedBooter.invokeProviderInSameClassLoader(ForkedBooter.java:379)
	at org.apache.maven.surefire.booter.ForkedBooter.runSuitesInProcess(ForkedBooter.java:340)
	at org.apache.maven.surefire.booter.ForkedBooter.execute(ForkedBooter.java:125)
	at org.apache.maven.surefire.booter.ForkedBooter.main(ForkedBooter.java:413)
</pre></div></td>
<td>0</td>
<td>com.newland.boss.cib.crmp.settle.ReportControllerTest@1aaf73b7</td></tr>
<tr>
<td title='com.newland.boss.cib.crmp.settle.ReportControllerTest.testExportExcel6()'><b>testExportExcel6</b><br>Test class: com.newland.boss.cib.crmp.settle.ReportControllerTest</td>
<td><div><pre>java.lang.NumberFormatException: For input string: &quot;aa&quot;
	at java.lang.NumberFormatException.forInputString(NumberFormatException.java:65)
	at java.lang.Integer.parseInt(Integer.java:580)
	at java.lang.Integer.parseInt(Integer.java:615)
	at com.newland.boss.cib.crmp.settle.controller.ReportController.stringToIntegerArr(ReportController.java:770)
	at com.newland.boss.cib.crmp.settle.controller.ReportController.getFeeList(ReportController.java:872)
	at com.newland.boss.cib.crmp.settle.controller.ReportController.exportExcel(ReportController.java:679)
	at com.newland.boss.cib.crmp.settle.ReportControllerTest.testExportExcel6(ReportControllerTest.java:673)
	at org.springframework.test.context.testng.AbstractTestNGSpringContextTests.run(AbstractTestNGSpringContextTests.java:180)
... Removed 32 stack frames</pre></div><a href='#' onClick='toggleBox("stack-trace1988930055", this, "Click to show all stack frames", "Click to hide stack frames")'>Click to show all stack frames</a>
<div class='stack-trace' id='stack-trace1988930055'><pre>java.lang.NumberFormatException: For input string: &quot;aa&quot;
	at java.lang.NumberFormatException.forInputString(NumberFormatException.java:65)
	at java.lang.Integer.parseInt(Integer.java:580)
	at java.lang.Integer.parseInt(Integer.java:615)
	at com.newland.boss.cib.crmp.settle.controller.ReportController.stringToIntegerArr(ReportController.java:770)
	at com.newland.boss.cib.crmp.settle.controller.ReportController.getFeeList(ReportController.java:872)
	at com.newland.boss.cib.crmp.settle.controller.ReportController.exportExcel(ReportController.java:679)
	at com.newland.boss.cib.crmp.settle.ReportControllerTest.testExportExcel6(ReportControllerTest.java:673)
	at sun.reflect.NativeMethodAccessorImpl.invoke0(Native Method)
	at sun.reflect.NativeMethodAccessorImpl.invoke(NativeMethodAccessorImpl.java:62)
	at sun.reflect.DelegatingMethodAccessorImpl.invoke(DelegatingMethodAccessorImpl.java:43)
	at java.lang.reflect.Method.invoke(Method.java:498)
	at org.testng.internal.MethodInvocationHelper.invokeMethod(MethodInvocationHelper.java:108)
	at org.testng.internal.MethodInvocationHelper$1.runTestMethod(MethodInvocationHelper.java:209)
	at org.springframework.test.context.testng.AbstractTestNGSpringContextTests.run(AbstractTestNGSpringContextTests.java:180)
	at org.testng.internal.MethodInvocationHelper.invokeHookable(MethodInvocationHelper.java:221)
	at org.testng.internal.Invoker.invokeMethod(Invoker.java:657)
	at org.testng.internal.Invoker.invokeTestMethod(Invoker.java:869)
	at org.testng.internal.Invoker.invokeTestMethods(Invoker.java:1193)
	at org.testng.internal.TestMethodWorker.invokeTestMethods(TestMethodWorker.java:126)
	at org.testng.internal.TestMethodWorker.run(TestMethodWorker.java:109)
	at org.testng.TestRunner.privateRun(TestRunner.java:744)
	at org.testng.TestRunner.run(TestRunner.java:602)
	at org.testng.SuiteRunner.runTest(SuiteRunner.java:380)
	at org.testng.SuiteRunner.runSequentially(SuiteRunner.java:375)
	at org.testng.SuiteRunner.privateRun(SuiteRunner.java:340)
	at org.testng.SuiteRunner.run(SuiteRunner.java:289)
	at org.testng.SuiteRunnerWorker.runSuite(SuiteRunnerWorker.java:52)
	at org.testng.SuiteRunnerWorker.run(SuiteRunnerWorker.java:86)
	at org.testng.TestNG.runSuitesSequentially(TestNG.java:1301)
	at org.testng.TestNG.runSuitesLocally(TestNG.java:1226)
	at org.testng.TestNG.runSuites(TestNG.java:1144)
	at org.testng.TestNG.run(TestNG.java:1115)
	at org.apache.maven.surefire.testng.TestNGExecutor.run(TestNGExecutor.java:135)
	at org.apache.maven.surefire.testng.TestNGDirectoryTestSuite.executeMulti(TestNGDirectoryTestSuite.java:193)
	at org.apache.maven.surefire.testng.TestNGDirectoryTestSuite.execute(TestNGDirectoryTestSuite.java:94)
	at org.apache.maven.surefire.testng.TestNGProvider.invoke(TestNGProvider.java:146)
	at org.apache.maven.surefire.booter.ForkedBooter.invokeProviderInSameClassLoader(ForkedBooter.java:379)
	at org.apache.maven.surefire.booter.ForkedBooter.runSuitesInProcess(ForkedBooter.java:340)
	at org.apache.maven.surefire.booter.ForkedBooter.execute(ForkedBooter.java:125)
	at org.apache.maven.surefire.booter.ForkedBooter.main(ForkedBooter.java:413)
</pre></div></td>
<td>0</td>
<td>com.newland.boss.cib.crmp.settle.ReportControllerTest@1aaf73b7</td></tr>
<tr>
<td title='com.newland.boss.cib.crmp.settle.AnalysisControllerTest.testGetFeeAnalysisBar()'><b>testGetFeeAnalysisBar</b><br>Test class: com.newland.boss.cib.crmp.settle.AnalysisControllerTest</td>
<td></td>
<td>0</td>
<td>com.newland.boss.cib.crmp.settle.AnalysisControllerTest@289da1bc</td></tr>
<tr>
<td title='com.newland.boss.cib.crmp.settle.AnalysisControllerTest.testGetFeeAnalysisBar1()'><b>testGetFeeAnalysisBar1</b><br>Test class: com.newland.boss.cib.crmp.settle.AnalysisControllerTest</td>
<td></td>
<td>0</td>
<td>com.newland.boss.cib.crmp.settle.AnalysisControllerTest@289da1bc</td></tr>
<tr>
<td title='com.newland.boss.cib.crmp.settle.AnalysisControllerTest.testGetFeeAnalysisBar2()'><b>testGetFeeAnalysisBar2</b><br>Test class: com.newland.boss.cib.crmp.settle.AnalysisControllerTest</td>
<td></td>
<td>0</td>
<td>com.newland.boss.cib.crmp.settle.AnalysisControllerTest@289da1bc</td></tr>
<tr>
<td title='com.newland.boss.cib.crmp.settle.AnalysisControllerTest.testGetFeeAnalysisLine()'><b>testGetFeeAnalysisLine</b><br>Test class: com.newland.boss.cib.crmp.settle.AnalysisControllerTest</td>
<td></td>
<td>0</td>
<td>com.newland.boss.cib.crmp.settle.AnalysisControllerTest@289da1bc</td></tr>
<tr>
<td title='com.newland.boss.cib.crmp.settle.AnalysisControllerTest.testGetFeeAnalysisLine1()'><b>testGetFeeAnalysisLine1</b><br>Test class: com.newland.boss.cib.crmp.settle.AnalysisControllerTest</td>
<td></td>
<td>0</td>
<td>com.newland.boss.cib.crmp.settle.AnalysisControllerTest@289da1bc</td></tr>
<tr>
<td title='com.newland.boss.cib.crmp.settle.AnalysisControllerTest.testGetFeeAnalysisLine2()'><b>testGetFeeAnalysisLine2</b><br>Test class: com.newland.boss.cib.crmp.settle.AnalysisControllerTest</td>
<td></td>
<td>0</td>
<td>com.newland.boss.cib.crmp.settle.AnalysisControllerTest@289da1bc</td></tr>
<tr>
<td title='com.newland.boss.cib.crmp.settle.AnalysisControllerTest.testGetFeeAnalysisPie()'><b>testGetFeeAnalysisPie</b><br>Test class: com.newland.boss.cib.crmp.settle.AnalysisControllerTest</td>
<td></td>
<td>0</td>
<td>com.newland.boss.cib.crmp.settle.AnalysisControllerTest@289da1bc</td></tr>
<tr>
<td title='com.newland.boss.cib.crmp.settle.AnalysisControllerTest.testGetFeeAnalysisPie1()'><b>testGetFeeAnalysisPie1</b><br>Test class: com.newland.boss.cib.crmp.settle.AnalysisControllerTest</td>
<td></td>
<td>0</td>
<td>com.newland.boss.cib.crmp.settle.AnalysisControllerTest@289da1bc</td></tr>
<tr>
<td title='com.newland.boss.cib.crmp.settle.AnalysisControllerTest.testGetFeeAnalysisPie2()'><b>testGetFeeAnalysisPie2</b><br>Test class: com.newland.boss.cib.crmp.settle.AnalysisControllerTest</td>
<td></td>
<td>0</td>
<td>com.newland.boss.cib.crmp.settle.AnalysisControllerTest@289da1bc</td></tr>
<tr>
<td title='com.newland.boss.cib.crmp.settle.ReportControllerTest.testPreviewReport()'><b>testPreviewReport</b><br>Test class: com.newland.boss.cib.crmp.settle.ReportControllerTest</td>
<td><div><pre>java.lang.NumberFormatException: For input string: &quot;{&quot;unitName&quot;:&quot;[10&quot;
	at java.lang.NumberFormatException.forInputString(NumberFormatException.java:65)
	at java.lang.Integer.parseInt(Integer.java:580)
	at java.lang.Integer.parseInt(Integer.java:615)
	at com.newland.boss.cib.crmp.settle.controller.ReportController.stringToIntegerArr(ReportController.java:770)
	at com.newland.boss.cib.crmp.settle.ReportControllerTest.testPreviewReport(ReportControllerTest.java:377)
	at org.springframework.test.context.testng.AbstractTestNGSpringContextTests.run(AbstractTestNGSpringContextTests.java:180)
... Removed 32 stack frames</pre></div><a href='#' onClick='toggleBox("stack-trace1493909133", this, "Click to show all stack frames", "Click to hide stack frames")'>Click to show all stack frames</a>
<div class='stack-trace' id='stack-trace1493909133'><pre>java.lang.NumberFormatException: For input string: &quot;{&quot;unitName&quot;:&quot;[10&quot;
	at java.lang.NumberFormatException.forInputString(NumberFormatException.java:65)
	at java.lang.Integer.parseInt(Integer.java:580)
	at java.lang.Integer.parseInt(Integer.java:615)
	at com.newland.boss.cib.crmp.settle.controller.ReportController.stringToIntegerArr(ReportController.java:770)
	at com.newland.boss.cib.crmp.settle.ReportControllerTest.testPreviewReport(ReportControllerTest.java:377)
	at sun.reflect.NativeMethodAccessorImpl.invoke0(Native Method)
	at sun.reflect.NativeMethodAccessorImpl.invoke(NativeMethodAccessorImpl.java:62)
	at sun.reflect.DelegatingMethodAccessorImpl.invoke(DelegatingMethodAccessorImpl.java:43)
	at java.lang.reflect.Method.invoke(Method.java:498)
	at org.testng.internal.MethodInvocationHelper.invokeMethod(MethodInvocationHelper.java:108)
	at org.testng.internal.MethodInvocationHelper$1.runTestMethod(MethodInvocationHelper.java:209)
	at org.springframework.test.context.testng.AbstractTestNGSpringContextTests.run(AbstractTestNGSpringContextTests.java:180)
	at org.testng.internal.MethodInvocationHelper.invokeHookable(MethodInvocationHelper.java:221)
	at org.testng.internal.Invoker.invokeMethod(Invoker.java:657)
	at org.testng.internal.Invoker.invokeTestMethod(Invoker.java:869)
	at org.testng.internal.Invoker.invokeTestMethods(Invoker.java:1193)
	at org.testng.internal.TestMethodWorker.invokeTestMethods(TestMethodWorker.java:126)
	at org.testng.internal.TestMethodWorker.run(TestMethodWorker.java:109)
	at org.testng.TestRunner.privateRun(TestRunner.java:744)
	at org.testng.TestRunner.run(TestRunner.java:602)
	at org.testng.SuiteRunner.runTest(SuiteRunner.java:380)
	at org.testng.SuiteRunner.runSequentially(SuiteRunner.java:375)
	at org.testng.SuiteRunner.privateRun(SuiteRunner.java:340)
	at org.testng.SuiteRunner.run(SuiteRunner.java:289)
	at org.testng.SuiteRunnerWorker.runSuite(SuiteRunnerWorker.java:52)
	at org.testng.SuiteRunnerWorker.run(SuiteRunnerWorker.java:86)
	at org.testng.TestNG.runSuitesSequentially(TestNG.java:1301)
	at org.testng.TestNG.runSuitesLocally(TestNG.java:1226)
	at org.testng.TestNG.runSuites(TestNG.java:1144)
	at org.testng.TestNG.run(TestNG.java:1115)
	at org.apache.maven.surefire.testng.TestNGExecutor.run(TestNGExecutor.java:135)
	at org.apache.maven.surefire.testng.TestNGDirectoryTestSuite.executeMulti(TestNGDirectoryTestSuite.java:193)
	at org.apache.maven.surefire.testng.TestNGDirectoryTestSuite.execute(TestNGDirectoryTestSuite.java:94)
	at org.apache.maven.surefire.testng.TestNGProvider.invoke(TestNGProvider.java:146)
	at org.apache.maven.surefire.booter.ForkedBooter.invokeProviderInSameClassLoader(ForkedBooter.java:379)
	at org.apache.maven.surefire.booter.ForkedBooter.runSuitesInProcess(ForkedBooter.java:340)
	at org.apache.maven.surefire.booter.ForkedBooter.execute(ForkedBooter.java:125)
	at org.apache.maven.surefire.booter.ForkedBooter.main(ForkedBooter.java:413)
</pre></div></td>
<td>0</td>
<td>com.newland.boss.cib.crmp.settle.ReportControllerTest@1aaf73b7</td></tr>
<tr>
<td title='com.newland.boss.cib.crmp.settle.ReportControllerTest.testPreviewReport1()'><b>testPreviewReport1</b><br>Test class: com.newland.boss.cib.crmp.settle.ReportControllerTest</td>
<td><div><pre>java.lang.NullPointerException
	at com.newland.boss.cib.crmp.settle.controller.ReportController.previewReport(ReportController.java:634)
	at com.newland.boss.cib.crmp.settle.ReportControllerTest.testPreviewReport1(ReportControllerTest.java:399)
	at org.springframework.test.context.testng.AbstractTestNGSpringContextTests.run(AbstractTestNGSpringContextTests.java:180)
... Removed 32 stack frames</pre></div><a href='#' onClick='toggleBox("stack-trace1516239000", this, "Click to show all stack frames", "Click to hide stack frames")'>Click to show all stack frames</a>
<div class='stack-trace' id='stack-trace1516239000'><pre>java.lang.NullPointerException
	at com.newland.boss.cib.crmp.settle.controller.ReportController.previewReport(ReportController.java:634)
	at com.newland.boss.cib.crmp.settle.ReportControllerTest.testPreviewReport1(ReportControllerTest.java:399)
	at sun.reflect.NativeMethodAccessorImpl.invoke0(Native Method)
	at sun.reflect.NativeMethodAccessorImpl.invoke(NativeMethodAccessorImpl.java:62)
	at sun.reflect.DelegatingMethodAccessorImpl.invoke(DelegatingMethodAccessorImpl.java:43)
	at java.lang.reflect.Method.invoke(Method.java:498)
	at org.testng.internal.MethodInvocationHelper.invokeMethod(MethodInvocationHelper.java:108)
	at org.testng.internal.MethodInvocationHelper$1.runTestMethod(MethodInvocationHelper.java:209)
	at org.springframework.test.context.testng.AbstractTestNGSpringContextTests.run(AbstractTestNGSpringContextTests.java:180)
	at org.testng.internal.MethodInvocationHelper.invokeHookable(MethodInvocationHelper.java:221)
	at org.testng.internal.Invoker.invokeMethod(Invoker.java:657)
	at org.testng.internal.Invoker.invokeTestMethod(Invoker.java:869)
	at org.testng.internal.Invoker.invokeTestMethods(Invoker.java:1193)
	at org.testng.internal.TestMethodWorker.invokeTestMethods(TestMethodWorker.java:126)
	at org.testng.internal.TestMethodWorker.run(TestMethodWorker.java:109)
	at org.testng.TestRunner.privateRun(TestRunner.java:744)
	at org.testng.TestRunner.run(TestRunner.java:602)
	at org.testng.SuiteRunner.runTest(SuiteRunner.java:380)
	at org.testng.SuiteRunner.runSequentially(SuiteRunner.java:375)
	at org.testng.SuiteRunner.privateRun(SuiteRunner.java:340)
	at org.testng.SuiteRunner.run(SuiteRunner.java:289)
	at org.testng.SuiteRunnerWorker.runSuite(SuiteRunnerWorker.java:52)
	at org.testng.SuiteRunnerWorker.run(SuiteRunnerWorker.java:86)
	at org.testng.TestNG.runSuitesSequentially(TestNG.java:1301)
	at org.testng.TestNG.runSuitesLocally(TestNG.java:1226)
	at org.testng.TestNG.runSuites(TestNG.java:1144)
	at org.testng.TestNG.run(TestNG.java:1115)
	at org.apache.maven.surefire.testng.TestNGExecutor.run(TestNGExecutor.java:135)
	at org.apache.maven.surefire.testng.TestNGDirectoryTestSuite.executeMulti(TestNGDirectoryTestSuite.java:193)
	at org.apache.maven.surefire.testng.TestNGDirectoryTestSuite.execute(TestNGDirectoryTestSuite.java:94)
	at org.apache.maven.surefire.testng.TestNGProvider.invoke(TestNGProvider.java:146)
	at org.apache.maven.surefire.booter.ForkedBooter.invokeProviderInSameClassLoader(ForkedBooter.java:379)
	at org.apache.maven.surefire.booter.ForkedBooter.runSuitesInProcess(ForkedBooter.java:340)
	at org.apache.maven.surefire.booter.ForkedBooter.execute(ForkedBooter.java:125)
	at org.apache.maven.surefire.booter.ForkedBooter.main(ForkedBooter.java:413)
</pre></div></td>
<td>0</td>
<td>com.newland.boss.cib.crmp.settle.ReportControllerTest@1aaf73b7</td></tr>
<tr>
<td title='com.newland.boss.cib.crmp.settle.ReportControllerTest.testPreviewReport2()'><b>testPreviewReport2</b><br>Test class: com.newland.boss.cib.crmp.settle.ReportControllerTest</td>
<td><div><pre>java.lang.NullPointerException
	at com.newland.boss.cib.crmp.settle.controller.ReportController.previewReport(ReportController.java:634)
	at com.newland.boss.cib.crmp.settle.ReportControllerTest.testPreviewReport2(ReportControllerTest.java:419)
	at org.springframework.test.context.testng.AbstractTestNGSpringContextTests.run(AbstractTestNGSpringContextTests.java:180)
... Removed 32 stack frames</pre></div><a href='#' onClick='toggleBox("stack-trace101835842", this, "Click to show all stack frames", "Click to hide stack frames")'>Click to show all stack frames</a>
<div class='stack-trace' id='stack-trace101835842'><pre>java.lang.NullPointerException
	at com.newland.boss.cib.crmp.settle.controller.ReportController.previewReport(ReportController.java:634)
	at com.newland.boss.cib.crmp.settle.ReportControllerTest.testPreviewReport2(ReportControllerTest.java:419)
	at sun.reflect.NativeMethodAccessorImpl.invoke0(Native Method)
	at sun.reflect.NativeMethodAccessorImpl.invoke(NativeMethodAccessorImpl.java:62)
	at sun.reflect.DelegatingMethodAccessorImpl.invoke(DelegatingMethodAccessorImpl.java:43)
	at java.lang.reflect.Method.invoke(Method.java:498)
	at org.testng.internal.MethodInvocationHelper.invokeMethod(MethodInvocationHelper.java:108)
	at org.testng.internal.MethodInvocationHelper$1.runTestMethod(MethodInvocationHelper.java:209)
	at org.springframework.test.context.testng.AbstractTestNGSpringContextTests.run(AbstractTestNGSpringContextTests.java:180)
	at org.testng.internal.MethodInvocationHelper.invokeHookable(MethodInvocationHelper.java:221)
	at org.testng.internal.Invoker.invokeMethod(Invoker.java:657)
	at org.testng.internal.Invoker.invokeTestMethod(Invoker.java:869)
	at org.testng.internal.Invoker.invokeTestMethods(Invoker.java:1193)
	at org.testng.internal.TestMethodWorker.invokeTestMethods(TestMethodWorker.java:126)
	at org.testng.internal.TestMethodWorker.run(TestMethodWorker.java:109)
	at org.testng.TestRunner.privateRun(TestRunner.java:744)
	at org.testng.TestRunner.run(TestRunner.java:602)
	at org.testng.SuiteRunner.runTest(SuiteRunner.java:380)
	at org.testng.SuiteRunner.runSequentially(SuiteRunner.java:375)
	at org.testng.SuiteRunner.privateRun(SuiteRunner.java:340)
	at org.testng.SuiteRunner.run(SuiteRunner.java:289)
	at org.testng.SuiteRunnerWorker.runSuite(SuiteRunnerWorker.java:52)
	at org.testng.SuiteRunnerWorker.run(SuiteRunnerWorker.java:86)
	at org.testng.TestNG.runSuitesSequentially(TestNG.java:1301)
	at org.testng.TestNG.runSuitesLocally(TestNG.java:1226)
	at org.testng.TestNG.runSuites(TestNG.java:1144)
	at org.testng.TestNG.run(TestNG.java:1115)
	at org.apache.maven.surefire.testng.TestNGExecutor.run(TestNGExecutor.java:135)
	at org.apache.maven.surefire.testng.TestNGDirectoryTestSuite.executeMulti(TestNGDirectoryTestSuite.java:193)
	at org.apache.maven.surefire.testng.TestNGDirectoryTestSuite.execute(TestNGDirectoryTestSuite.java:94)
	at org.apache.maven.surefire.testng.TestNGProvider.invoke(TestNGProvider.java:146)
	at org.apache.maven.surefire.booter.ForkedBooter.invokeProviderInSameClassLoader(ForkedBooter.java:379)
	at org.apache.maven.surefire.booter.ForkedBooter.runSuitesInProcess(ForkedBooter.java:340)
	at org.apache.maven.surefire.booter.ForkedBooter.execute(ForkedBooter.java:125)
	at org.apache.maven.surefire.booter.ForkedBooter.main(ForkedBooter.java:413)
</pre></div></td>
<td>0</td>
<td>com.newland.boss.cib.crmp.settle.ReportControllerTest@1aaf73b7</td></tr>
<tr>
<td title='com.newland.boss.cib.crmp.settle.ReportControllerTest.testPreviewReport3()'><b>testPreviewReport3</b><br>Test class: com.newland.boss.cib.crmp.settle.ReportControllerTest</td>
<td><div><pre>java.lang.NullPointerException
	at com.newland.boss.cib.crmp.settle.controller.ReportController.previewReport(ReportController.java:634)
	at com.newland.boss.cib.crmp.settle.ReportControllerTest.testPreviewReport3(ReportControllerTest.java:439)
	at org.springframework.test.context.testng.AbstractTestNGSpringContextTests.run(AbstractTestNGSpringContextTests.java:180)
... Removed 32 stack frames</pre></div><a href='#' onClick='toggleBox("stack-trace1823313951", this, "Click to show all stack frames", "Click to hide stack frames")'>Click to show all stack frames</a>
<div class='stack-trace' id='stack-trace1823313951'><pre>java.lang.NullPointerException
	at com.newland.boss.cib.crmp.settle.controller.ReportController.previewReport(ReportController.java:634)
	at com.newland.boss.cib.crmp.settle.ReportControllerTest.testPreviewReport3(ReportControllerTest.java:439)
	at sun.reflect.NativeMethodAccessorImpl.invoke0(Native Method)
	at sun.reflect.NativeMethodAccessorImpl.invoke(NativeMethodAccessorImpl.java:62)
	at sun.reflect.DelegatingMethodAccessorImpl.invoke(DelegatingMethodAccessorImpl.java:43)
	at java.lang.reflect.Method.invoke(Method.java:498)
	at org.testng.internal.MethodInvocationHelper.invokeMethod(MethodInvocationHelper.java:108)
	at org.testng.internal.MethodInvocationHelper$1.runTestMethod(MethodInvocationHelper.java:209)
	at org.springframework.test.context.testng.AbstractTestNGSpringContextTests.run(AbstractTestNGSpringContextTests.java:180)
	at org.testng.internal.MethodInvocationHelper.invokeHookable(MethodInvocationHelper.java:221)
	at org.testng.internal.Invoker.invokeMethod(Invoker.java:657)
	at org.testng.internal.Invoker.invokeTestMethod(Invoker.java:869)
	at org.testng.internal.Invoker.invokeTestMethods(Invoker.java:1193)
	at org.testng.internal.TestMethodWorker.invokeTestMethods(TestMethodWorker.java:126)
	at org.testng.internal.TestMethodWorker.run(TestMethodWorker.java:109)
	at org.testng.TestRunner.privateRun(TestRunner.java:744)
	at org.testng.TestRunner.run(TestRunner.java:602)
	at org.testng.SuiteRunner.runTest(SuiteRunner.java:380)
	at org.testng.SuiteRunner.runSequentially(SuiteRunner.java:375)
	at org.testng.SuiteRunner.privateRun(SuiteRunner.java:340)
	at org.testng.SuiteRunner.run(SuiteRunner.java:289)
	at org.testng.SuiteRunnerWorker.runSuite(SuiteRunnerWorker.java:52)
	at org.testng.SuiteRunnerWorker.run(SuiteRunnerWorker.java:86)
	at org.testng.TestNG.runSuitesSequentially(TestNG.java:1301)
	at org.testng.TestNG.runSuitesLocally(TestNG.java:1226)
	at org.testng.TestNG.runSuites(TestNG.java:1144)
	at org.testng.TestNG.run(TestNG.java:1115)
	at org.apache.maven.surefire.testng.TestNGExecutor.run(TestNGExecutor.java:135)
	at org.apache.maven.surefire.testng.TestNGDirectoryTestSuite.executeMulti(TestNGDirectoryTestSuite.java:193)
	at org.apache.maven.surefire.testng.TestNGDirectoryTestSuite.execute(TestNGDirectoryTestSuite.java:94)
	at org.apache.maven.surefire.testng.TestNGProvider.invoke(TestNGProvider.java:146)
	at org.apache.maven.surefire.booter.ForkedBooter.invokeProviderInSameClassLoader(ForkedBooter.java:379)
	at org.apache.maven.surefire.booter.ForkedBooter.runSuitesInProcess(ForkedBooter.java:340)
	at org.apache.maven.surefire.booter.ForkedBooter.execute(ForkedBooter.java:125)
	at org.apache.maven.surefire.booter.ForkedBooter.main(ForkedBooter.java:413)
</pre></div></td>
<td>0</td>
<td>com.newland.boss.cib.crmp.settle.ReportControllerTest@1aaf73b7</td></tr>
<tr>
<td title='com.newland.boss.cib.crmp.settle.ReportControllerTest.testPreviewReport4()'><b>testPreviewReport4</b><br>Test class: com.newland.boss.cib.crmp.settle.ReportControllerTest</td>
<td><div><pre>java.lang.NullPointerException
	at com.newland.boss.cib.crmp.settle.controller.ReportController.previewReport(ReportController.java:634)
	at com.newland.boss.cib.crmp.settle.ReportControllerTest.testPreviewReport4(ReportControllerTest.java:460)
	at org.springframework.test.context.testng.AbstractTestNGSpringContextTests.run(AbstractTestNGSpringContextTests.java:180)
... Removed 32 stack frames</pre></div><a href='#' onClick='toggleBox("stack-trace2139800358", this, "Click to show all stack frames", "Click to hide stack frames")'>Click to show all stack frames</a>
<div class='stack-trace' id='stack-trace2139800358'><pre>java.lang.NullPointerException
	at com.newland.boss.cib.crmp.settle.controller.ReportController.previewReport(ReportController.java:634)
	at com.newland.boss.cib.crmp.settle.ReportControllerTest.testPreviewReport4(ReportControllerTest.java:460)
	at sun.reflect.NativeMethodAccessorImpl.invoke0(Native Method)
	at sun.reflect.NativeMethodAccessorImpl.invoke(NativeMethodAccessorImpl.java:62)
	at sun.reflect.DelegatingMethodAccessorImpl.invoke(DelegatingMethodAccessorImpl.java:43)
	at java.lang.reflect.Method.invoke(Method.java:498)
	at org.testng.internal.MethodInvocationHelper.invokeMethod(MethodInvocationHelper.java:108)
	at org.testng.internal.MethodInvocationHelper$1.runTestMethod(MethodInvocationHelper.java:209)
	at org.springframework.test.context.testng.AbstractTestNGSpringContextTests.run(AbstractTestNGSpringContextTests.java:180)
	at org.testng.internal.MethodInvocationHelper.invokeHookable(MethodInvocationHelper.java:221)
	at org.testng.internal.Invoker.invokeMethod(Invoker.java:657)
	at org.testng.internal.Invoker.invokeTestMethod(Invoker.java:869)
	at org.testng.internal.Invoker.invokeTestMethods(Invoker.java:1193)
	at org.testng.internal.TestMethodWorker.invokeTestMethods(TestMethodWorker.java:126)
	at org.testng.internal.TestMethodWorker.run(TestMethodWorker.java:109)
	at org.testng.TestRunner.privateRun(TestRunner.java:744)
	at org.testng.TestRunner.run(TestRunner.java:602)
	at org.testng.SuiteRunner.runTest(SuiteRunner.java:380)
	at org.testng.SuiteRunner.runSequentially(SuiteRunner.java:375)
	at org.testng.SuiteRunner.privateRun(SuiteRunner.java:340)
	at org.testng.SuiteRunner.run(SuiteRunner.java:289)
	at org.testng.SuiteRunnerWorker.runSuite(SuiteRunnerWorker.java:52)
	at org.testng.SuiteRunnerWorker.run(SuiteRunnerWorker.java:86)
	at org.testng.TestNG.runSuitesSequentially(TestNG.java:1301)
	at org.testng.TestNG.runSuitesLocally(TestNG.java:1226)
	at org.testng.TestNG.runSuites(TestNG.java:1144)
	at org.testng.TestNG.run(TestNG.java:1115)
	at org.apache.maven.surefire.testng.TestNGExecutor.run(TestNGExecutor.java:135)
	at org.apache.maven.surefire.testng.TestNGDirectoryTestSuite.executeMulti(TestNGDirectoryTestSuite.java:193)
	at org.apache.maven.surefire.testng.TestNGDirectoryTestSuite.execute(TestNGDirectoryTestSuite.java:94)
	at org.apache.maven.surefire.testng.TestNGProvider.invoke(TestNGProvider.java:146)
	at org.apache.maven.surefire.booter.ForkedBooter.invokeProviderInSameClassLoader(ForkedBooter.java:379)
	at org.apache.maven.surefire.booter.ForkedBooter.runSuitesInProcess(ForkedBooter.java:340)
	at org.apache.maven.surefire.booter.ForkedBooter.execute(ForkedBooter.java:125)
	at org.apache.maven.surefire.booter.ForkedBooter.main(ForkedBooter.java:413)
</pre></div></td>
<td>0</td>
<td>com.newland.boss.cib.crmp.settle.ReportControllerTest@1aaf73b7</td></tr>
<tr>
<td title='com.newland.boss.cib.crmp.settle.ReportControllerTest.testPreviewReport5()'><b>testPreviewReport5</b><br>Test class: com.newland.boss.cib.crmp.settle.ReportControllerTest</td>
<td><div><pre>java.lang.NullPointerException
	at com.newland.boss.cib.crmp.settle.controller.ReportController.previewReport(ReportController.java:634)
	at com.newland.boss.cib.crmp.settle.ReportControllerTest.testPreviewReport5(ReportControllerTest.java:480)
	at org.springframework.test.context.testng.AbstractTestNGSpringContextTests.run(AbstractTestNGSpringContextTests.java:180)
... Removed 32 stack frames</pre></div><a href='#' onClick='toggleBox("stack-trace394976500", this, "Click to show all stack frames", "Click to hide stack frames")'>Click to show all stack frames</a>
<div class='stack-trace' id='stack-trace394976500'><pre>java.lang.NullPointerException
	at com.newland.boss.cib.crmp.settle.controller.ReportController.previewReport(ReportController.java:634)
	at com.newland.boss.cib.crmp.settle.ReportControllerTest.testPreviewReport5(ReportControllerTest.java:480)
	at sun.reflect.NativeMethodAccessorImpl.invoke0(Native Method)
	at sun.reflect.NativeMethodAccessorImpl.invoke(NativeMethodAccessorImpl.java:62)
	at sun.reflect.DelegatingMethodAccessorImpl.invoke(DelegatingMethodAccessorImpl.java:43)
	at java.lang.reflect.Method.invoke(Method.java:498)
	at org.testng.internal.MethodInvocationHelper.invokeMethod(MethodInvocationHelper.java:108)
	at org.testng.internal.MethodInvocationHelper$1.runTestMethod(MethodInvocationHelper.java:209)
	at org.springframework.test.context.testng.AbstractTestNGSpringContextTests.run(AbstractTestNGSpringContextTests.java:180)
	at org.testng.internal.MethodInvocationHelper.invokeHookable(MethodInvocationHelper.java:221)
	at org.testng.internal.Invoker.invokeMethod(Invoker.java:657)
	at org.testng.internal.Invoker.invokeTestMethod(Invoker.java:869)
	at org.testng.internal.Invoker.invokeTestMethods(Invoker.java:1193)
	at org.testng.internal.TestMethodWorker.invokeTestMethods(TestMethodWorker.java:126)
	at org.testng.internal.TestMethodWorker.run(TestMethodWorker.java:109)
	at org.testng.TestRunner.privateRun(TestRunner.java:744)
	at org.testng.TestRunner.run(TestRunner.java:602)
	at org.testng.SuiteRunner.runTest(SuiteRunner.java:380)
	at org.testng.SuiteRunner.runSequentially(SuiteRunner.java:375)
	at org.testng.SuiteRunner.privateRun(SuiteRunner.java:340)
	at org.testng.SuiteRunner.run(SuiteRunner.java:289)
	at org.testng.SuiteRunnerWorker.runSuite(SuiteRunnerWorker.java:52)
	at org.testng.SuiteRunnerWorker.run(SuiteRunnerWorker.java:86)
	at org.testng.TestNG.runSuitesSequentially(TestNG.java:1301)
	at org.testng.TestNG.runSuitesLocally(TestNG.java:1226)
	at org.testng.TestNG.runSuites(TestNG.java:1144)
	at org.testng.TestNG.run(TestNG.java:1115)
	at org.apache.maven.surefire.testng.TestNGExecutor.run(TestNGExecutor.java:135)
	at org.apache.maven.surefire.testng.TestNGDirectoryTestSuite.executeMulti(TestNGDirectoryTestSuite.java:193)
	at org.apache.maven.surefire.testng.TestNGDirectoryTestSuite.execute(TestNGDirectoryTestSuite.java:94)
	at org.apache.maven.surefire.testng.TestNGProvider.invoke(TestNGProvider.java:146)
	at org.apache.maven.surefire.booter.ForkedBooter.invokeProviderInSameClassLoader(ForkedBooter.java:379)
	at org.apache.maven.surefire.booter.ForkedBooter.runSuitesInProcess(ForkedBooter.java:340)
	at org.apache.maven.surefire.booter.ForkedBooter.execute(ForkedBooter.java:125)
	at org.apache.maven.surefire.booter.ForkedBooter.main(ForkedBooter.java:413)
</pre></div></td>
<td>0</td>
<td>com.newland.boss.cib.crmp.settle.ReportControllerTest@1aaf73b7</td></tr>
<tr>
<td title='com.newland.boss.cib.crmp.settle.ReportControllerTest.testPreviewReport6()'><b>testPreviewReport6</b><br>Test class: com.newland.boss.cib.crmp.settle.ReportControllerTest</td>
<td><div><pre>java.lang.NullPointerException
	at com.newland.boss.cib.crmp.settle.controller.ReportController.previewReport(ReportController.java:634)
	at com.newland.boss.cib.crmp.settle.ReportControllerTest.testPreviewReport6(ReportControllerTest.java:507)
	at org.springframework.test.context.testng.AbstractTestNGSpringContextTests.run(AbstractTestNGSpringContextTests.java:180)
... Removed 32 stack frames</pre></div><a href='#' onClick='toggleBox("stack-trace1516537063", this, "Click to show all stack frames", "Click to hide stack frames")'>Click to show all stack frames</a>
<div class='stack-trace' id='stack-trace1516537063'><pre>java.lang.NullPointerException
	at com.newland.boss.cib.crmp.settle.controller.ReportController.previewReport(ReportController.java:634)
	at com.newland.boss.cib.crmp.settle.ReportControllerTest.testPreviewReport6(ReportControllerTest.java:507)
	at sun.reflect.NativeMethodAccessorImpl.invoke0(Native Method)
	at sun.reflect.NativeMethodAccessorImpl.invoke(NativeMethodAccessorImpl.java:62)
	at sun.reflect.DelegatingMethodAccessorImpl.invoke(DelegatingMethodAccessorImpl.java:43)
	at java.lang.reflect.Method.invoke(Method.java:498)
	at org.testng.internal.MethodInvocationHelper.invokeMethod(MethodInvocationHelper.java:108)
	at org.testng.internal.MethodInvocationHelper$1.runTestMethod(MethodInvocationHelper.java:209)
	at org.springframework.test.context.testng.AbstractTestNGSpringContextTests.run(AbstractTestNGSpringContextTests.java:180)
	at org.testng.internal.MethodInvocationHelper.invokeHookable(MethodInvocationHelper.java:221)
	at org.testng.internal.Invoker.invokeMethod(Invoker.java:657)
	at org.testng.internal.Invoker.invokeTestMethod(Invoker.java:869)
	at org.testng.internal.Invoker.invokeTestMethods(Invoker.java:1193)
	at org.testng.internal.TestMethodWorker.invokeTestMethods(TestMethodWorker.java:126)
	at org.testng.internal.TestMethodWorker.run(TestMethodWorker.java:109)
	at org.testng.TestRunner.privateRun(TestRunner.java:744)
	at org.testng.TestRunner.run(TestRunner.java:602)
	at org.testng.SuiteRunner.runTest(SuiteRunner.java:380)
	at org.testng.SuiteRunner.runSequentially(SuiteRunner.java:375)
	at org.testng.SuiteRunner.privateRun(SuiteRunner.java:340)
	at org.testng.SuiteRunner.run(SuiteRunner.java:289)
	at org.testng.SuiteRunnerWorker.runSuite(SuiteRunnerWorker.java:52)
	at org.testng.SuiteRunnerWorker.run(SuiteRunnerWorker.java:86)
	at org.testng.TestNG.runSuitesSequentially(TestNG.java:1301)
	at org.testng.TestNG.runSuitesLocally(TestNG.java:1226)
	at org.testng.TestNG.runSuites(TestNG.java:1144)
	at org.testng.TestNG.run(TestNG.java:1115)
	at org.apache.maven.surefire.testng.TestNGExecutor.run(TestNGExecutor.java:135)
	at org.apache.maven.surefire.testng.TestNGDirectoryTestSuite.executeMulti(TestNGDirectoryTestSuite.java:193)
	at org.apache.maven.surefire.testng.TestNGDirectoryTestSuite.execute(TestNGDirectoryTestSuite.java:94)
	at org.apache.maven.surefire.testng.TestNGProvider.invoke(TestNGProvider.java:146)
	at org.apache.maven.surefire.booter.ForkedBooter.invokeProviderInSameClassLoader(ForkedBooter.java:379)
	at org.apache.maven.surefire.booter.ForkedBooter.runSuitesInProcess(ForkedBooter.java:340)
	at org.apache.maven.surefire.booter.ForkedBooter.execute(ForkedBooter.java:125)
	at org.apache.maven.surefire.booter.ForkedBooter.main(ForkedBooter.java:413)
</pre></div></td>
<td>0</td>
<td>com.newland.boss.cib.crmp.settle.ReportControllerTest@1aaf73b7</td></tr>
<tr>
<td title='com.newland.boss.cib.crmp.settle.ReportControllerTest.testPreviewReport7()'><b>testPreviewReport7</b><br>Test class: com.newland.boss.cib.crmp.settle.ReportControllerTest</td>
<td><div><pre>java.lang.NullPointerException
	at com.newland.boss.cib.crmp.settle.controller.ReportController.previewReport(ReportController.java:634)
	at com.newland.boss.cib.crmp.settle.ReportControllerTest.testPreviewReport7(ReportControllerTest.java:524)
	at org.springframework.test.context.testng.AbstractTestNGSpringContextTests.run(AbstractTestNGSpringContextTests.java:180)
... Removed 32 stack frames</pre></div><a href='#' onClick='toggleBox("stack-trace390732591", this, "Click to show all stack frames", "Click to hide stack frames")'>Click to show all stack frames</a>
<div class='stack-trace' id='stack-trace390732591'><pre>java.lang.NullPointerException
	at com.newland.boss.cib.crmp.settle.controller.ReportController.previewReport(ReportController.java:634)
	at com.newland.boss.cib.crmp.settle.ReportControllerTest.testPreviewReport7(ReportControllerTest.java:524)
	at sun.reflect.NativeMethodAccessorImpl.invoke0(Native Method)
	at sun.reflect.NativeMethodAccessorImpl.invoke(NativeMethodAccessorImpl.java:62)
	at sun.reflect.DelegatingMethodAccessorImpl.invoke(DelegatingMethodAccessorImpl.java:43)
	at java.lang.reflect.Method.invoke(Method.java:498)
	at org.testng.internal.MethodInvocationHelper.invokeMethod(MethodInvocationHelper.java:108)
	at org.testng.internal.MethodInvocationHelper$1.runTestMethod(MethodInvocationHelper.java:209)
	at org.springframework.test.context.testng.AbstractTestNGSpringContextTests.run(AbstractTestNGSpringContextTests.java:180)
	at org.testng.internal.MethodInvocationHelper.invokeHookable(MethodInvocationHelper.java:221)
	at org.testng.internal.Invoker.invokeMethod(Invoker.java:657)
	at org.testng.internal.Invoker.invokeTestMethod(Invoker.java:869)
	at org.testng.internal.Invoker.invokeTestMethods(Invoker.java:1193)
	at org.testng.internal.TestMethodWorker.invokeTestMethods(TestMethodWorker.java:126)
	at org.testng.internal.TestMethodWorker.run(TestMethodWorker.java:109)
	at org.testng.TestRunner.privateRun(TestRunner.java:744)
	at org.testng.TestRunner.run(TestRunner.java:602)
	at org.testng.SuiteRunner.runTest(SuiteRunner.java:380)
	at org.testng.SuiteRunner.runSequentially(SuiteRunner.java:375)
	at org.testng.SuiteRunner.privateRun(SuiteRunner.java:340)
	at org.testng.SuiteRunner.run(SuiteRunner.java:289)
	at org.testng.SuiteRunnerWorker.runSuite(SuiteRunnerWorker.java:52)
	at org.testng.SuiteRunnerWorker.run(SuiteRunnerWorker.java:86)
	at org.testng.TestNG.runSuitesSequentially(TestNG.java:1301)
	at org.testng.TestNG.runSuitesLocally(TestNG.java:1226)
	at org.testng.TestNG.runSuites(TestNG.java:1144)
	at org.testng.TestNG.run(TestNG.java:1115)
	at org.apache.maven.surefire.testng.TestNGExecutor.run(TestNGExecutor.java:135)
	at org.apache.maven.surefire.testng.TestNGDirectoryTestSuite.executeMulti(TestNGDirectoryTestSuite.java:193)
	at org.apache.maven.surefire.testng.TestNGDirectoryTestSuite.execute(TestNGDirectoryTestSuite.java:94)
	at org.apache.maven.surefire.testng.TestNGProvider.invoke(TestNGProvider.java:146)
	at org.apache.maven.surefire.booter.ForkedBooter.invokeProviderInSameClassLoader(ForkedBooter.java:379)
	at org.apache.maven.surefire.booter.ForkedBooter.runSuitesInProcess(ForkedBooter.java:340)
	at org.apache.maven.surefire.booter.ForkedBooter.execute(ForkedBooter.java:125)
	at org.apache.maven.surefire.booter.ForkedBooter.main(ForkedBooter.java:413)
</pre></div></td>
<td>0</td>
<td>com.newland.boss.cib.crmp.settle.ReportControllerTest@1aaf73b7</td></tr>
<tr>
<td title='com.newland.boss.cib.crmp.settle.ReportControllerTest.testPreviewReport8()'><b>testPreviewReport8</b><br>Test class: com.newland.boss.cib.crmp.settle.ReportControllerTest</td>
<td><div><pre>net.sf.jasperreports.engine.JRException: 
	at com.newland.boss.cib.crmp.settle.controller.ReportController.previewReport(ReportController.java:630)
	at com.newland.boss.cib.crmp.settle.ReportControllerTest.testPreviewReport8(ReportControllerTest.java:538)
	at org.springframework.test.context.testng.AbstractTestNGSpringContextTests.run(AbstractTestNGSpringContextTests.java:180)
... Removed 32 stack frames</pre></div><a href='#' onClick='toggleBox("stack-trace956702629", this, "Click to show all stack frames", "Click to hide stack frames")'>Click to show all stack frames</a>
<div class='stack-trace' id='stack-trace956702629'><pre>net.sf.jasperreports.engine.JRException: 
	at com.newland.boss.cib.crmp.settle.controller.ReportController.previewReport(ReportController.java:630)
	at com.newland.boss.cib.crmp.settle.ReportControllerTest.testPreviewReport8(ReportControllerTest.java:538)
	at sun.reflect.NativeMethodAccessorImpl.invoke0(Native Method)
	at sun.reflect.NativeMethodAccessorImpl.invoke(NativeMethodAccessorImpl.java:62)
	at sun.reflect.DelegatingMethodAccessorImpl.invoke(DelegatingMethodAccessorImpl.java:43)
	at java.lang.reflect.Method.invoke(Method.java:498)
	at org.testng.internal.MethodInvocationHelper.invokeMethod(MethodInvocationHelper.java:108)
	at org.testng.internal.MethodInvocationHelper$1.runTestMethod(MethodInvocationHelper.java:209)
	at org.springframework.test.context.testng.AbstractTestNGSpringContextTests.run(AbstractTestNGSpringContextTests.java:180)
	at org.testng.internal.MethodInvocationHelper.invokeHookable(MethodInvocationHelper.java:221)
	at org.testng.internal.Invoker.invokeMethod(Invoker.java:657)
	at org.testng.internal.Invoker.invokeTestMethod(Invoker.java:869)
	at org.testng.internal.Invoker.invokeTestMethods(Invoker.java:1193)
	at org.testng.internal.TestMethodWorker.invokeTestMethods(TestMethodWorker.java:126)
	at org.testng.internal.TestMethodWorker.run(TestMethodWorker.java:109)
	at org.testng.TestRunner.privateRun(TestRunner.java:744)
	at org.testng.TestRunner.run(TestRunner.java:602)
	at org.testng.SuiteRunner.runTest(SuiteRunner.java:380)
	at org.testng.SuiteRunner.runSequentially(SuiteRunner.java:375)
	at org.testng.SuiteRunner.privateRun(SuiteRunner.java:340)
	at org.testng.SuiteRunner.run(SuiteRunner.java:289)
	at org.testng.SuiteRunnerWorker.runSuite(SuiteRunnerWorker.java:52)
	at org.testng.SuiteRunnerWorker.run(SuiteRunnerWorker.java:86)
	at org.testng.TestNG.runSuitesSequentially(TestNG.java:1301)
	at org.testng.TestNG.runSuitesLocally(TestNG.java:1226)
	at org.testng.TestNG.runSuites(TestNG.java:1144)
	at org.testng.TestNG.run(TestNG.java:1115)
	at org.apache.maven.surefire.testng.TestNGExecutor.run(TestNGExecutor.java:135)
	at org.apache.maven.surefire.testng.TestNGDirectoryTestSuite.executeMulti(TestNGDirectoryTestSuite.java:193)
	at org.apache.maven.surefire.testng.TestNGDirectoryTestSuite.execute(TestNGDirectoryTestSuite.java:94)
	at org.apache.maven.surefire.testng.TestNGProvider.invoke(TestNGProvider.java:146)
	at org.apache.maven.surefire.booter.ForkedBooter.invokeProviderInSameClassLoader(ForkedBooter.java:379)
	at org.apache.maven.surefire.booter.ForkedBooter.runSuitesInProcess(ForkedBooter.java:340)
	at org.apache.maven.surefire.booter.ForkedBooter.execute(ForkedBooter.java:125)
	at org.apache.maven.surefire.booter.ForkedBooter.main(ForkedBooter.java:413)
</pre></div></td>
<td>0</td>
<td>com.newland.boss.cib.crmp.settle.ReportControllerTest@1aaf73b7</td></tr>
<tr>
<td title='com.newland.boss.cib.crmp.settle.CallListControllerTest.testQueryCallList()'><b>testQueryCallList</b><br>Test class: com.newland.boss.cib.crmp.settle.CallListControllerTest</td>
<td></td>
<td>1</td>
<td>com.newland.boss.cib.crmp.settle.CallListControllerTest@e890591</td></tr>
<tr>
<td title='com.newland.boss.cib.crmp.settle.ReportControllerTest.testQueryFeeList()'><b>testQueryFeeList</b><br>Test class: com.newland.boss.cib.crmp.settle.ReportControllerTest</td>
<td></td>
<td>0</td>
<td>com.newland.boss.cib.crmp.settle.ReportControllerTest@1aaf73b7</td></tr>
<tr>
<td title='com.newland.boss.cib.crmp.settle.ReportControllerTest.testQueryFeeList1()'><b>testQueryFeeList1</b><br>Test class: com.newland.boss.cib.crmp.settle.ReportControllerTest</td>
<td></td>
<td>0</td>
<td>com.newland.boss.cib.crmp.settle.ReportControllerTest@1aaf73b7</td></tr>
<tr>
<td title='com.newland.boss.cib.crmp.settle.ReportControllerTest.testQueryFeeList2()'><b>testQueryFeeList2</b><br>Test class: com.newland.boss.cib.crmp.settle.ReportControllerTest</td>
<td></td>
<td>0</td>
<td>com.newland.boss.cib.crmp.settle.ReportControllerTest@1aaf73b7</td></tr>
<tr>
<td title='com.newland.boss.cib.crmp.settle.ReportControllerTest.testQueryFeeList3()'><b>testQueryFeeList3</b><br>Test class: com.newland.boss.cib.crmp.settle.ReportControllerTest</td>
<td></td>
<td>0</td>
<td>com.newland.boss.cib.crmp.settle.ReportControllerTest@1aaf73b7</td></tr>
<tr>
<td title='com.newland.boss.cib.crmp.settle.ReportControllerTest.testQueryNotActiveUserList()'><b>testQueryNotActiveUserList</b><br>Test class: com.newland.boss.cib.crmp.settle.ReportControllerTest</td>
<td></td>
<td>0</td>
<td>com.newland.boss.cib.crmp.settle.ReportControllerTest@1aaf73b7</td></tr>
<tr>
<td title='com.newland.boss.cib.crmp.settle.ReportControllerTest.testQueryNotActiveUserList1()'><b>testQueryNotActiveUserList1</b><br>Test class: com.newland.boss.cib.crmp.settle.ReportControllerTest</td>
<td></td>
<td>0</td>
<td>com.newland.boss.cib.crmp.settle.ReportControllerTest@1aaf73b7</td></tr>
<tr>
<td title='com.newland.boss.cib.crmp.settle.ReportControllerTest.testQueryThresholdList()'><b>testQueryThresholdList</b><br>Test class: com.newland.boss.cib.crmp.settle.ReportControllerTest</td>
<td></td>
<td>0</td>
<td>com.newland.boss.cib.crmp.settle.ReportControllerTest@1aaf73b7</td></tr>
<tr>
<td title='com.newland.boss.cib.crmp.settle.ReportControllerTest.testQueryThresholdList1()'><b>testQueryThresholdList1</b><br>Test class: com.newland.boss.cib.crmp.settle.ReportControllerTest</td>
<td></td>
<td>0</td>
<td>com.newland.boss.cib.crmp.settle.ReportControllerTest@1aaf73b7</td></tr>
<tr>
<td title='com.newland.boss.cib.crmp.settle.ReportControllerTest.testQueryTopNList()'><b>testQueryTopNList</b><br>Test class: com.newland.boss.cib.crmp.settle.ReportControllerTest</td>
<td></td>
<td>0</td>
<td>com.newland.boss.cib.crmp.settle.ReportControllerTest@1aaf73b7</td></tr>
<tr>
<td title='com.newland.boss.cib.crmp.settle.ReportControllerTest.testQueryTopNList1()'><b>testQueryTopNList1</b><br>Test class: com.newland.boss.cib.crmp.settle.ReportControllerTest</td>
<td></td>
<td>0</td>
<td>com.newland.boss.cib.crmp.settle.ReportControllerTest@1aaf73b7</td></tr>
</table><p>
</body>
</html>