<?xml version="1.0" encoding="UTF-8"?>
<testsuite xmlns:xsi="http://www.w3.org/2001/XMLSchema-instance" xsi:noNamespaceSchemaLocation="https://maven.apache.org/surefire/maven-surefire-plugin/xsd/surefire-test-report.xsd" name="TestSuite" time="14.703" tests="35" errors="0" skipped="0" failures="0">
  <properties>
[...]
</properties>
  <testcase name="testAddRateRule" classname="com.newland.boss.cib.crmp.rule.RateRuleControllerTest" time="0.35"/>
  <testcase name="testDeleteRateRule" classname="com.newland.boss.cib.crmp.rule.RateRuleControllerTest" time="0.266"/>
  <testcase name="testEditRateRule" classname="com.newland.boss.cib.crmp.rule.RateRuleControllerTest" time="0.005"/>
  <testcase name="testExportRateRule" classname="com.newland.boss.cib.crmp.rule.RateRuleControllerTest" time="0.346"/>
  <testcase name="testImportRateRuleForService" classname="com.newland.boss.cib.crmp.rule.RateRuleControllerTest" time="0.481"/>
  <testcase name="testSelectRateRule" classname="com.newland.boss.cib.crmp.rule.RateRuleControllerTest" time="0.146"/>
  <testcase name="testSelectRateRuleToDistribute" classname="com.newland.boss.cib.crmp.rule.RateRuleControllerTest" time="0.002"/>
  <testcase name="testUpdateRateRuleStatus" classname="com.newland.boss.cib.crmp.rule.RateRuleControllerTest" time="0.005"/>
  <testcase name="testAddRateRuleRela" classname="com.newland.boss.cib.crmp.rule.RateRuleRelaControllerTest" time="0.005"/>
  <testcase name="testAddRateRuleRelaByRuleId" classname="com.newland.boss.cib.crmp.rule.RateRuleRelaControllerTest" time="0.009"/>
  <testcase name="testDeleteRateRuleRela" classname="com.newland.boss.cib.crmp.rule.RateRuleRelaControllerTest" time="0.006"/>
  <testcase name="testExportRateRule" classname="com.newland.boss.cib.crmp.rule.RateRuleRelaControllerTest" time="0.261"/>
  <testcase name="testLoadRateRuleRelaByRuleItemId" classname="com.newland.boss.cib.crmp.rule.RateRuleRelaControllerTest" time="0"/>
  <testcase name="testRemoveRateRuleRelaByObjectIdForServiceImp" classname="com.newland.boss.cib.crmp.rule.RateRuleRelaControllerTest" time="0.001"/>
  <testcase name="testShowRateRuleRelaByObjectId" classname="com.newland.boss.cib.crmp.rule.RateRuleRelaControllerTest" time="0.023"/>
  <testcase name="testUpdateRateRuleRelaStatus" classname="com.newland.boss.cib.crmp.rule.RateRuleRelaControllerTest" time="0.002"/>
  <testcase name="testAddSettleApportionRelaByRuleId" classname="com.newland.boss.cib.crmp.rule.settleRelaControllerTest" time="0.002"/>
  <testcase name="testCombinQuerySettleApportionRela" classname="com.newland.boss.cib.crmp.rule.settleRelaControllerTest" time="0.015"/>
  <testcase name="testDeleteSettleApportionRule" classname="com.newland.boss.cib.crmp.rule.settleRelaControllerTest" time="0.004"/>
  <testcase name="testExportSettleApportionRelaByParam" classname="com.newland.boss.cib.crmp.rule.settleRelaControllerTest" time="0.267"/>
  <testcase name="testModifySettleApportionRelaStatus" classname="com.newland.boss.cib.crmp.rule.settleRelaControllerTest" time="0.002"/>
  <testcase name="testSelectOrgSettleApportionRela" classname="com.newland.boss.cib.crmp.rule.settleRelaControllerTest" time="0.004"/>
  <testcase name="testSelectSettleApportionRela" classname="com.newland.boss.cib.crmp.rule.settleRelaControllerTest" time="0.028"/>
  <testcase name="testloadSettleApportionRelaByOrgId" classname="com.newland.boss.cib.crmp.rule.settleRelaControllerTest" time="0.001"/>
  <testcase name="testloadSettleApportionRelaByRuleId" classname="com.newland.boss.cib.crmp.rule.settleRelaControllerTest" time="0.001"/>
  <testcase name="ExcelParseException" classname="com.newland.boss.cib.crmp.rule.settleRuleControllerTest" time="0.001"/>
  <testcase name="testAddSettleApportionRule" classname="com.newland.boss.cib.crmp.rule.settleRuleControllerTest" time="0.011"/>
  <testcase name="testDeleteSettleApportionRule" classname="com.newland.boss.cib.crmp.rule.settleRuleControllerTest" time="0.004"/>
  <testcase name="testEditSettleApportionRule" classname="com.newland.boss.cib.crmp.rule.settleRuleControllerTest" time="0.014"/>
  <testcase name="testExportSettleApportionRuleByParam" classname="com.newland.boss.cib.crmp.rule.settleRuleControllerTest" time="0.165"/>
  <testcase name="testImportSettleApportionRule" classname="com.newland.boss.cib.crmp.rule.settleRuleControllerTest" time="0.886"/>
  <testcase name="testLoadAllSettleApportionRule" classname="com.newland.boss.cib.crmp.rule.settleRuleControllerTest" time="0"/>
  <testcase name="testLoadSettleApportionRuleByParam" classname="com.newland.boss.cib.crmp.rule.settleRuleControllerTest" time="0.017"/>
  <testcase name="testModifySettleApportionRuleStatus" classname="com.newland.boss.cib.crmp.rule.settleRuleControllerTest" time="0.02"/>
  <testcase name="testShowRoleById" classname="com.newland.boss.cib.crmp.rule.settleRuleControllerTest" time="0.002"/>
</testsuite>