<?xml version="1.0" encoding="UTF-8"?>
<testng-results skipped="0" failed="0" ignored="0" total="1" passed="1">
  <reporter-output>
  </reporter-output>
  <suite name="Surefire suite" duration-ms="68" started-at="2020-05-13T08:32:30Z" finished-at="2020-05-13T08:32:30Z">
    <groups>
    </groups>
    <test name="Surefire test" duration-ms="68" started-at="2020-05-13T08:32:30Z" finished-at="2020-05-13T08:32:30Z">
      <class name="com.newland.boss.cib.crmp.AppTest">
        <test-method status="PASS" signature="testApp()" name="testApp" duration-ms="16" started-at="2020-05-13T16:32:30Z" finished-at="2020-05-13T16:32:30Z">
          <reporter-output>
          </reporter-output>
        </test-method> <!-- testApp -->
      </class> <!-- com.newland.boss.cib.crmp.AppTest -->
    </test> <!-- Surefire test -->
  </suite> <!-- Surefire suite -->
</testng-results>
