<?xml version="1.0" encoding="UTF-8"?>
<testsuite xmlns:xsi="http://www.w3.org/2001/XMLSchema-instance" xsi:noNamespaceSchemaLocation="https://maven.apache.org/surefire/maven-surefire-plugin/xsd/surefire-test-report.xsd" name="TestSuite" time="7.911" tests="5" errors="0" skipped="0" failures="0">
  <properties>
[...]
</properties>
  <testcase name="testEditOperatorAuth" classname="com.newland.boss.kpi.admin.OperatorAuthControllerTest" time="0.071"/>
  <testcase name="testRemoveOperatorAuth" classname="com.newland.boss.kpi.admin.OperatorAuthControllerTest" time="0.26"/>
  <testcase name="testShowAnOperatorAuth" classname="com.newland.boss.kpi.admin.OperatorAuthControllerTest" time="0.005"/>
  <testcase name="testShowOperAuthByOperId" classname="com.newland.boss.kpi.admin.OperatorAuthControllerTest" time="0.003"/>
  <testcase name="f" classname="com.newland.boss.kpi.admin.util.MD5UtilTest" time="0.002"/>
</testsuite>