<?xml version="1.0" encoding="UTF-8"?>
<!-- Generated by org.testng.reporters.JUnitXMLReporter -->
<testsuite hostname="DESKTOP-TI4FV56" ignored="0" name="Surefire test" tests="5" failures="0" timestamp="13 五月 2020 08:31:39 GMT" time="4.536" errors="0">
  <testcase name="testEditOperatorAuth" time="0.071" classname="com.newland.boss.kpi.admin.OperatorAuthControllerTest"/>
  <testcase name="testRemoveOperatorAuth" time="0.259" classname="com.newland.boss.kpi.admin.OperatorAuthControllerTest"/>
  <testcase name="testShowAnOperatorAuth" time="0.005" classname="com.newland.boss.kpi.admin.OperatorAuthControllerTest"/>
  <testcase name="testShowOperAuthByOperId" time="0.002" classname="com.newland.boss.kpi.admin.OperatorAuthControllerTest"/>
  <testcase name="f" time="0.001" classname="com.newland.boss.kpi.admin.util.MD5UtilTest"/>
</testsuite> <!-- Surefire test -->
