<?xml version="1.0" encoding="UTF-8"?>
<testng-results skipped="0" failed="0" ignored="0" total="2" passed="2">
  <reporter-output>
  </reporter-output>
  <suite name="Surefire suite" duration-ms="3169" started-at="2020-05-13T08:31:24Z" finished-at="2020-05-13T08:31:27Z">
    <groups>
    </groups>
    <test name="Surefire test" duration-ms="3169" started-at="2020-05-13T08:31:24Z" finished-at="2020-05-13T08:31:27Z">
      <class name="com.newland.boss.kpi.controller.DictDefControllerTestng">
        <test-method status="PASS" signature="init()[pri:0, instance:com.newland.boss.kpi.controller.DictDefControllerTestng@706d2bae]" name="init" is-config="true" duration-ms="20" started-at="2020-05-13T16:31:24Z" finished-at="2020-05-13T16:31:24Z">
          <reporter-output>
          </reporter-output>
        </test-method> <!-- init -->
        <test-method status="PASS" signature="springTestContextBeforeTestClass()[pri:0, instance:com.newland.boss.kpi.controller.DictDefControllerTestng@706d2bae]" name="springTestContextBeforeTestClass" is-config="true" duration-ms="5" started-at="2020-05-13T16:31:24Z" finished-at="2020-05-13T16:31:24Z">
          <reporter-output>
          </reporter-output>
        </test-method> <!-- springTestContextBeforeTestClass -->
        <test-method status="PASS" signature="springTestContextPrepareTestInstance()[pri:0, instance:com.newland.boss.kpi.controller.DictDefControllerTestng@706d2bae]" name="springTestContextPrepareTestInstance" is-config="true" duration-ms="2726" started-at="2020-05-13T16:31:24Z" depends-on-methods="org.springframework.test.context.testng.AbstractTestNGSpringContextTests.springTestContextBeforeTestClass" finished-at="2020-05-13T16:31:26Z">
          <reporter-output>
          </reporter-output>
        </test-method> <!-- springTestContextPrepareTestInstance -->
        <test-method status="PASS" signature="setup()[pri:0, instance:com.newland.boss.kpi.controller.DictDefControllerTestng@706d2bae]" name="setup" is-config="true" duration-ms="194" started-at="2020-05-13T16:31:26Z" finished-at="2020-05-13T16:31:27Z">
          <reporter-output>
          </reporter-output>
        </test-method> <!-- setup -->
        <test-method status="PASS" signature="springTestContextBeforeTestMethod(java.lang.reflect.Method)[pri:0, instance:com.newland.boss.kpi.controller.DictDefControllerTestng@706d2bae]" name="springTestContextBeforeTestMethod" is-config="true" duration-ms="3" started-at="2020-05-13T16:31:27Z" finished-at="2020-05-13T16:31:27Z">
          <params>
            <param index="0">
              <value>
                <![CDATA[public void com.newland.boss.kpi.controller.DictDefControllerTestng.testGetDictDefByDictClass() throws java.lang.Exception]]>
              </value>
            </param>
          </params>
          <reporter-output>
          </reporter-output>
        </test-method> <!-- springTestContextBeforeTestMethod -->
        <test-method status="PASS" signature="testGetDictDefByDictClass()[pri:0, instance:com.newland.boss.kpi.controller.DictDefControllerTestng@706d2bae]" name="testGetDictDefByDictClass" duration-ms="202" started-at="2020-05-13T16:31:27Z" finished-at="2020-05-13T16:31:27Z">
          <reporter-output>
          </reporter-output>
        </test-method> <!-- testGetDictDefByDictClass -->
        <test-method status="PASS" signature="springTestContextAfterTestMethod(java.lang.reflect.Method)[pri:0, instance:com.newland.boss.kpi.controller.DictDefControllerTestng@706d2bae]" name="springTestContextAfterTestMethod" is-config="true" duration-ms="1" started-at="2020-05-13T16:31:27Z" finished-at="2020-05-13T16:31:27Z">
          <params>
            <param index="0">
              <value>
                <![CDATA[public void com.newland.boss.kpi.controller.DictDefControllerTestng.testGetDictDefByDictClass() throws java.lang.Exception]]>
              </value>
            </param>
          </params>
          <reporter-output>
          </reporter-output>
        </test-method> <!-- springTestContextAfterTestMethod -->
        <test-method status="PASS" signature="springTestContextBeforeTestMethod(java.lang.reflect.Method)[pri:0, instance:com.newland.boss.kpi.controller.DictDefControllerTestng@706d2bae]" name="springTestContextBeforeTestMethod" is-config="true" duration-ms="5" started-at="2020-05-13T16:31:27Z" finished-at="2020-05-13T16:31:27Z">
          <params>
            <param index="0">
              <value>
                <![CDATA[public void com.newland.boss.kpi.controller.DictDefControllerTestng.testGetDictDefByDictClassAndEntryId() throws java.lang.Exception]]>
              </value>
            </param>
          </params>
          <reporter-output>
          </reporter-output>
        </test-method> <!-- springTestContextBeforeTestMethod -->
        <test-method status="PASS" signature="testGetDictDefByDictClassAndEntryId()[pri:0, instance:com.newland.boss.kpi.controller.DictDefControllerTestng@706d2bae]" name="testGetDictDefByDictClassAndEntryId" duration-ms="2" started-at="2020-05-13T16:31:27Z" finished-at="2020-05-13T16:31:27Z">
          <reporter-output>
          </reporter-output>
        </test-method> <!-- testGetDictDefByDictClassAndEntryId -->
        <test-method status="PASS" signature="springTestContextAfterTestMethod(java.lang.reflect.Method)[pri:0, instance:com.newland.boss.kpi.controller.DictDefControllerTestng@706d2bae]" name="springTestContextAfterTestMethod" is-config="true" duration-ms="2" started-at="2020-05-13T16:31:27Z" finished-at="2020-05-13T16:31:27Z">
          <params>
            <param index="0">
              <value>
                <![CDATA[public void com.newland.boss.kpi.controller.DictDefControllerTestng.testGetDictDefByDictClassAndEntryId() throws java.lang.Exception]]>
              </value>
            </param>
          </params>
          <reporter-output>
          </reporter-output>
        </test-method> <!-- springTestContextAfterTestMethod -->
        <test-method status="PASS" signature="springTestContextAfterTestClass()[pri:0, instance:com.newland.boss.kpi.controller.DictDefControllerTestng@706d2bae]" name="springTestContextAfterTestClass" is-config="true" duration-ms="1" started-at="2020-05-13T16:31:27Z" finished-at="2020-05-13T16:31:27Z">
          <reporter-output>
          </reporter-output>
        </test-method> <!-- springTestContextAfterTestClass -->
      </class> <!-- com.newland.boss.kpi.controller.DictDefControllerTestng -->
    </test> <!-- Surefire test -->
  </suite> <!-- Surefire suite -->
</testng-results>
