<?xml version="1.0" encoding="UTF-8"?>
<testng-results skipped="0" failed="0" ignored="0" total="1" passed="1">
  <reporter-output>
  </reporter-output>
  <suite name="Surefire suite" duration-ms="648" started-at="2020-05-13T08:32:13Z" finished-at="2020-05-13T08:32:14Z">
    <groups>
    </groups>
    <test name="Surefire test" duration-ms="648" started-at="2020-05-13T08:32:13Z" finished-at="2020-05-13T08:32:14Z">
      <class name="com.newland.boss.cib.crmp.domain.DomainTest">
        <test-method status="PASS" signature="test()[pri:0, instance:com.newland.boss.cib.crmp.domain.DomainTest@2bac9ba]" name="test" duration-ms="330" started-at="2020-05-13T08:32:14Z" finished-at="2020-05-13T08:32:14Z">
          <reporter-output>
          </reporter-output>
        </test-method> <!-- test -->
      </class> <!-- com.newland.boss.cib.crmp.domain.DomainTest -->
    </test> <!-- Surefire test -->
  </suite> <!-- Surefire suite -->
</testng-results>
