<?xml version="1.0" encoding="UTF-8"?>
<testsuite xmlns:xsi="http://www.w3.org/2001/XMLSchema-instance" xsi:noNamespaceSchemaLocation="https://maven.apache.org/surefire/maven-surefire-plugin/xsd/surefire-test-report.xsd" name="TestSuite" time="16.907" tests="45" errors="0" skipped="0" failures="0">
  <properties>
[...]
</properties>
  <testcase name="billSummingUsrDayServiceTest" classname="com.newland.boss.cib.crmp.settle.AnalysisControllerTest" time="0.036"/>
  <testcase name="testBillSummingOrgDay" classname="com.newland.boss.cib.crmp.settle.AnalysisControllerTest" time="0.002"/>
  <testcase name="testBillSummingUsrDay" classname="com.newland.boss.cib.crmp.settle.AnalysisControllerTest" time="0.002"/>
  <testcase name="testGetFeeAnalysisBar" classname="com.newland.boss.cib.crmp.settle.AnalysisControllerTest" time="0.474"/>
  <testcase name="testGetFeeAnalysisBar1" classname="com.newland.boss.cib.crmp.settle.AnalysisControllerTest" time="0.037"/>
  <testcase name="testGetFeeAnalysisBar2" classname="com.newland.boss.cib.crmp.settle.AnalysisControllerTest" time="0.005"/>
  <testcase name="testGetFeeAnalysisLine" classname="com.newland.boss.cib.crmp.settle.AnalysisControllerTest" time="0.004"/>
  <testcase name="testGetFeeAnalysisLine1" classname="com.newland.boss.cib.crmp.settle.AnalysisControllerTest" time="0.008"/>
  <testcase name="testGetFeeAnalysisLine2" classname="com.newland.boss.cib.crmp.settle.AnalysisControllerTest" time="0.014"/>
  <testcase name="testGetFeeAnalysisPie" classname="com.newland.boss.cib.crmp.settle.AnalysisControllerTest" time="0.002"/>
  <testcase name="testGetFeeAnalysisPie1" classname="com.newland.boss.cib.crmp.settle.AnalysisControllerTest" time="0.008"/>
  <testcase name="testGetFeeAnalysisPie2" classname="com.newland.boss.cib.crmp.settle.AnalysisControllerTest" time="0.002"/>
  <testcase name="batchQueryTest" classname="com.newland.boss.cib.crmp.settle.ReportControllerTest" time="0.18"/>
  <testcase name="downloadExcelTest" classname="com.newland.boss.cib.crmp.settle.ReportControllerTest" time="0.002"/>
  <testcase name="jsonToIntegerArrayTest" classname="com.newland.boss.cib.crmp.settle.ReportControllerTest" time="0.14"/>
  <testcase name="queryDeptFeeListTest" classname="com.newland.boss.cib.crmp.settle.ReportControllerTest" time="0.067"/>
  <testcase name="queryDeptFeeListTest1" classname="com.newland.boss.cib.crmp.settle.ReportControllerTest" time="0.002"/>
  <testcase name="stringToIntegerArrTest" classname="com.newland.boss.cib.crmp.settle.ReportControllerTest" time="0.014"/>
  <testcase name="testExportExcel" classname="com.newland.boss.cib.crmp.settle.ReportControllerTest" time="0.01"/>
  <testcase name="testExportExcel1" classname="com.newland.boss.cib.crmp.settle.ReportControllerTest" time="0.003"/>
  <testcase name="testExportExcel2" classname="com.newland.boss.cib.crmp.settle.ReportControllerTest" time="0.005"/>
  <testcase name="testExportExcel3" classname="com.newland.boss.cib.crmp.settle.ReportControllerTest" time="0.007"/>
  <testcase name="testExportExcel4" classname="com.newland.boss.cib.crmp.settle.ReportControllerTest" time="0.004"/>
  <testcase name="testExportExcel5" classname="com.newland.boss.cib.crmp.settle.ReportControllerTest" time="0.001"/>
  <testcase name="testExportExcel6" classname="com.newland.boss.cib.crmp.settle.ReportControllerTest" time="0.005"/>
  <testcase name="testPreviewReport" classname="com.newland.boss.cib.crmp.settle.ReportControllerTest" time="0.002"/>
  <testcase name="testPreviewReport1" classname="com.newland.boss.cib.crmp.settle.ReportControllerTest" time="0.009"/>
  <testcase name="testPreviewReport2" classname="com.newland.boss.cib.crmp.settle.ReportControllerTest" time="0.006"/>
  <testcase name="testPreviewReport3" classname="com.newland.boss.cib.crmp.settle.ReportControllerTest" time="0.019"/>
  <testcase name="testPreviewReport4" classname="com.newland.boss.cib.crmp.settle.ReportControllerTest" time="0.004"/>
  <testcase name="testPreviewReport5" classname="com.newland.boss.cib.crmp.settle.ReportControllerTest" time="0.007"/>
  <testcase name="testPreviewReport6" classname="com.newland.boss.cib.crmp.settle.ReportControllerTest" time="0.004"/>
  <testcase name="testPreviewReport7" classname="com.newland.boss.cib.crmp.settle.ReportControllerTest" time="0.004"/>
  <testcase name="testPreviewReport8" classname="com.newland.boss.cib.crmp.settle.ReportControllerTest" time="0.002"/>
  <testcase name="testQueryFeeList" classname="com.newland.boss.cib.crmp.settle.ReportControllerTest" time="0.005"/>
  <testcase name="testQueryFeeList1" classname="com.newland.boss.cib.crmp.settle.ReportControllerTest" time="0.004"/>
  <testcase name="testQueryFeeList2" classname="com.newland.boss.cib.crmp.settle.ReportControllerTest" time="0.007"/>
  <testcase name="testQueryFeeList3" classname="com.newland.boss.cib.crmp.settle.ReportControllerTest" time="0.005"/>
  <testcase name="testQueryNotActiveUserList" classname="com.newland.boss.cib.crmp.settle.ReportControllerTest" time="0.005"/>
  <testcase name="testQueryNotActiveUserList1" classname="com.newland.boss.cib.crmp.settle.ReportControllerTest" time="0.019"/>
  <testcase name="testQueryThresholdList" classname="com.newland.boss.cib.crmp.settle.ReportControllerTest" time="0.004"/>
  <testcase name="testQueryThresholdList1" classname="com.newland.boss.cib.crmp.settle.ReportControllerTest" time="0.01"/>
  <testcase name="testQueryTopNList" classname="com.newland.boss.cib.crmp.settle.ReportControllerTest" time="0.008"/>
  <testcase name="testQueryTopNList1" classname="com.newland.boss.cib.crmp.settle.ReportControllerTest" time="0.008"/>
  <testcase name="testQueryCallList" classname="com.newland.boss.cib.crmp.settle.CallListControllerTest" time="1.459"/>
</testsuite>