<?xml version="1.0" encoding="UTF-8"?>
<!-- Generated by org.testng.reporters.JUnitXMLReporter -->
<testsuite hostname="DESKTOP-TI4FV56" ignored="1" name="Surefire test" tests="2" failures="0" timestamp="13 五月 2020 08:32:01 GMT" time="0.1" errors="0">
  <testcase name="testCreate" time="0.026" classname="com.newland.boss.cib.crmp.common.mq.ConstantMqTest"/>
  <testcase name="testEncryptDataECB" time="0.013" classname="com.newland.boss.cib.crmp.common.sm.SM4UtilsTest"/>
  <testcase name="testInsert" time="0.0" classname="com.newland.boss.cib.crmp.common.mq.OperateLogUtilTest">
    <ignored/>
  </testcase> <!-- testInsert -->
</testsuite> <!-- Surefire test -->
