<?xml version="1.0" encoding="UTF-8"?>
<testsuite xmlns:xsi="http://www.w3.org/2001/XMLSchema-instance" xsi:noNamespaceSchemaLocation="https://maven.apache.org/surefire/maven-surefire-plugin/xsd/surefire-test-report.xsd" name="TestSuite" time="6.175" tests="3" errors="0" skipped="0" failures="0">
  <properties>
[...]
</properties>
  <testcase name="testGetDictDefByDictClass" classname="com.newland.boss.kpi.controller.DictDefControllerTestng" time="0.201"/>
  <testcase name="testGetDictDefByDictClassAndEntryId" classname="com.newland.boss.kpi.controller.DictDefControllerTestng" time="0.001"/>
  <testcase name="testApp on testApp(com.newland.boss.kpi.server.impl.AppTest)" classname="com.newland.boss.kpi.server.impl.AppTest" time="0.001"/>
</testsuite>