<?xml version="1.0" encoding="UTF-8"?>
<testng-results skipped="0" failed="0" ignored="0" total="1" passed="1">
  <reporter-output>
  </reporter-output>
  <suite name="Surefire suite" duration-ms="3361" started-at="2020-05-13T08:32:27Z" finished-at="2020-05-13T08:32:30Z">
    <groups>
    </groups>
    <test name="Surefire test" duration-ms="3361" started-at="2020-05-13T08:32:27Z" finished-at="2020-05-13T08:32:30Z">
      <class name="com.newland.boss.cib.crmp.common.JxlToolTest">
        <test-method status="PASS" signature="exportExcel()[pri:0, instance:com.newland.boss.cib.crmp.common.JxlToolTest@26ae880a]" name="exportExcel" duration-ms="3314" started-at="2020-05-13T16:32:27Z" finished-at="2020-05-13T16:32:30Z">
          <reporter-output>
          </reporter-output>
        </test-method> <!-- exportExcel -->
      </class> <!-- com.newland.boss.cib.crmp.common.JxlToolTest -->
    </test> <!-- Surefire test -->
  </suite> <!-- Surefire suite -->
</testng-results>
