<?xml version="1.0" encoding="UTF-8"?>
<testng-results skipped="0" failed="0" ignored="0" total="2" passed="2">
  <reporter-output>
  </reporter-output>
  <suite name="Surefire suite" duration-ms="68" started-at="2020-05-13T08:31:16Z" finished-at="2020-05-13T08:31:16Z">
    <groups>
    </groups>
    <test name="Surefire test" duration-ms="68" started-at="2020-05-13T08:31:16Z" finished-at="2020-05-13T08:31:16Z">
      <class name="com.newland.boss.kpi.server.AppTest">
        <test-method status="PASS" signature="test()[pri:0, instance:com.newland.boss.kpi.server.AppTest@7ec58feb]" name="test" duration-ms="5" started-at="2020-05-13T08:31:16Z" finished-at="2020-05-13T08:31:16Z">
          <reporter-output>
          </reporter-output>
        </test-method> <!-- test -->
      </class> <!-- com.newland.boss.kpi.server.AppTest -->
      <class name="com.newland.boss.kpi.AppTest">
        <test-method status="PASS" signature="test()[pri:0, instance:com.newland.boss.kpi.AppTest@771db12c]" name="test" duration-ms="19" started-at="2020-05-13T08:31:16Z" finished-at="2020-05-13T08:31:16Z">
          <reporter-output>
          </reporter-output>
        </test-method> <!-- test -->
      </class> <!-- com.newland.boss.kpi.AppTest -->
    </test> <!-- Surefire test -->
  </suite> <!-- Surefire suite -->
</testng-results>
