<?xml version="1.0" encoding="UTF-8"?>
<!-- Generated by org.testng.reporters.JUnitXMLReporter -->
<testsuite hostname="DESKTOP-TI4FV56" ignored="3" name="Surefire test" tests="35" failures="0" timestamp="13 五月 2020 08:32:53 GMT" time="9.408" errors="0">
  <testcase name="testAddRateRule" time="0.35" classname="com.newland.boss.cib.crmp.rule.RateRuleControllerTest"/>
  <testcase name="testDeleteRateRule" time="0.266" classname="com.newland.boss.cib.crmp.rule.RateRuleControllerTest"/>
  <testcase name="testEditRateRule" time="0.006" classname="com.newland.boss.cib.crmp.rule.RateRuleControllerTest"/>
  <testcase name="testExportRateRule" time="0.347" classname="com.newland.boss.cib.crmp.rule.RateRuleControllerTest"/>
  <testcase name="testImportRateRuleForService" time="0.481" classname="com.newland.boss.cib.crmp.rule.RateRuleControllerTest"/>
  <testcase name="testSelectRateRule" time="0.141" classname="com.newland.boss.cib.crmp.rule.RateRuleControllerTest"/>
  <testcase name="testSelectRateRuleToDistribute" time="0.001" classname="com.newland.boss.cib.crmp.rule.RateRuleControllerTest"/>
  <testcase name="testUpdateRateRuleStatus" time="0.002" classname="com.newland.boss.cib.crmp.rule.RateRuleControllerTest"/>
  <testcase name="testAddRateRuleRela" time="0.005" classname="com.newland.boss.cib.crmp.rule.RateRuleRelaControllerTest"/>
  <testcase name="testAddRateRuleRelaByRuleId" time="0.009" classname="com.newland.boss.cib.crmp.rule.RateRuleRelaControllerTest"/>
  <testcase name="testDeleteRateRuleRela" time="0.007" classname="com.newland.boss.cib.crmp.rule.RateRuleRelaControllerTest"/>
  <testcase name="testExportRateRule" time="0.26" classname="com.newland.boss.cib.crmp.rule.RateRuleRelaControllerTest"/>
  <testcase name="testLoadRateRuleRelaByRuleItemId" time="0.02" classname="com.newland.boss.cib.crmp.rule.RateRuleRelaControllerTest"/>
  <testcase name="testRemoveRateRuleRelaByObjectIdForServiceImp" time="0.001" classname="com.newland.boss.cib.crmp.rule.RateRuleRelaControllerTest"/>
  <testcase name="testShowRateRuleRelaByObjectId" time="0.022" classname="com.newland.boss.cib.crmp.rule.RateRuleRelaControllerTest"/>
  <testcase name="testUpdateRateRuleRelaStatus" time="0.002" classname="com.newland.boss.cib.crmp.rule.RateRuleRelaControllerTest"/>
  <testcase name="testAddSettleApportionRelaByRuleId" time="0.002" classname="com.newland.boss.cib.crmp.rule.settleRelaControllerTest"/>
  <testcase name="testCombinQuerySettleApportionRela" time="0.015" classname="com.newland.boss.cib.crmp.rule.settleRelaControllerTest"/>
  <testcase name="testDeleteSettleApportionRule" time="0.004" classname="com.newland.boss.cib.crmp.rule.settleRelaControllerTest"/>
  <testcase name="testExportSettleApportionRelaByParam" time="0.266" classname="com.newland.boss.cib.crmp.rule.settleRelaControllerTest"/>
  <testcase name="testModifySettleApportionRelaStatus" time="0.001" classname="com.newland.boss.cib.crmp.rule.settleRelaControllerTest"/>
  <testcase name="testSelectOrgSettleApportionRela" time="0.003" classname="com.newland.boss.cib.crmp.rule.settleRelaControllerTest"/>
  <testcase name="testSelectSettleApportionRela" time="0.028" classname="com.newland.boss.cib.crmp.rule.settleRelaControllerTest"/>
  <testcase name="testloadSettleApportionRelaByOrgId" time="0.001" classname="com.newland.boss.cib.crmp.rule.settleRelaControllerTest"/>
  <testcase name="testloadSettleApportionRelaByRuleId" time="0.001" classname="com.newland.boss.cib.crmp.rule.settleRelaControllerTest"/>
  <testcase name="ExcelParseException" time="0.001" classname="com.newland.boss.cib.crmp.rule.settleRuleControllerTest"/>
  <testcase name="testAddSettleApportionRule" time="0.01" classname="com.newland.boss.cib.crmp.rule.settleRuleControllerTest"/>
  <testcase name="testDeleteSettleApportionRule" time="0.003" classname="com.newland.boss.cib.crmp.rule.settleRuleControllerTest"/>
  <testcase name="testEditSettleApportionRule" time="0.003" classname="com.newland.boss.cib.crmp.rule.settleRuleControllerTest"/>
  <testcase name="testExportSettleApportionRuleByParam" time="0.165" classname="com.newland.boss.cib.crmp.rule.settleRuleControllerTest"/>
  <testcase name="testImportSettleApportionRule" time="0.885" classname="com.newland.boss.cib.crmp.rule.settleRuleControllerTest"/>
  <testcase name="testLoadAllSettleApportionRule" time="0.005" classname="com.newland.boss.cib.crmp.rule.settleRuleControllerTest"/>
  <testcase name="testLoadSettleApportionRuleByParam" time="0.017" classname="com.newland.boss.cib.crmp.rule.settleRuleControllerTest"/>
  <testcase name="testModifySettleApportionRuleStatus" time="0.021" classname="com.newland.boss.cib.crmp.rule.settleRuleControllerTest"/>
  <testcase name="testShowRoleById" time="0.001" classname="com.newland.boss.cib.crmp.rule.settleRuleControllerTest"/>
  <testcase name="@BeforeSuite init" time="0.0" classname="com.newland.boss.cib.crmp.rule.common.AbstractTestNGTest">
    <ignored/>
  </testcase> <!-- @BeforeSuite init -->
  <testcase name="@BeforeSuite init" time="0.0" classname="com.newland.boss.cib.crmp.rule.common.AbstractTestNGTest">
    <ignored/>
  </testcase> <!-- @BeforeSuite init -->
  <testcase name="@BeforeSuite init" time="0.0" classname="com.newland.boss.cib.crmp.rule.common.AbstractTestNGTest">
    <ignored/>
  </testcase> <!-- @BeforeSuite init -->
</testsuite> <!-- Surefire test -->
